2020-04-16 14:03:44,624 INFO o.a.j.u.JMeterUtils: Setting Locale to en_EN
2020-04-16 14:03:44,644 INFO o.a.j.JMeter: Loading user properties from: /usr/local/Cellar/jmeter/5.2.1/libexec/bin/user.properties
2020-04-16 14:03:44,645 INFO o.a.j.JMeter: Loading system properties from: /usr/local/Cellar/jmeter/5.2.1/libexec/bin/system.properties
2020-04-16 14:03:44,646 INFO o.a.j.JMeter: Copyright (c) 1998-2019 The Apache Software Foundation
2020-04-16 14:03:44,646 INFO o.a.j.JMeter: Version 5.2.1
2020-04-16 14:03:44,646 INFO o.a.j.JMeter: java.version=1.8.0_222
2020-04-16 14:03:44,646 INFO o.a.j.JMeter: java.vm.name=OpenJDK 64-Bit Server VM
2020-04-16 14:03:44,646 INFO o.a.j.JMeter: os.name=Mac OS X
2020-04-16 14:03:44,646 INFO o.a.j.JMeter: os.arch=x86_64
2020-04-16 14:03:44,646 INFO o.a.j.JMeter: os.version=10.15.3
2020-04-16 14:03:44,646 INFO o.a.j.JMeter: file.encoding=UTF-8
2020-04-16 14:03:44,647 INFO o.a.j.JMeter: java.awt.headless=null
2020-04-16 14:03:44,647 INFO o.a.j.JMeter: Max memory     =1073741824
2020-04-16 14:03:44,647 INFO o.a.j.JMeter: Available Processors =16
2020-04-16 14:03:44,651 INFO o.a.j.JMeter: Default Locale=English (EN)
2020-04-16 14:03:44,652 INFO o.a.j.JMeter: JMeter  Locale=English (EN)
2020-04-16 14:03:44,652 INFO o.a.j.JMeter: JMeterHome=/usr/local/Cellar/jmeter/5.2.1/libexec
2020-04-16 14:03:44,652 INFO o.a.j.JMeter: user.dir  =/Users/sai/Fourth_Year/Fall/Capstone/Technical/architecture-analysis/mvc/textbook-catalog
2020-04-16 14:03:44,652 INFO o.a.j.JMeter: PWD       =/Users/sai/Fourth_Year/Fall/Capstone/Technical/architecture-analysis/mvc/textbook-catalog
2020-04-16 14:03:44,653 INFO o.a.j.JMeter: IP: 127.0.0.1 Name: Sais-MacBook-Pro.local FullName: localhost
2020-04-16 14:03:47,013 INFO o.a.j.g.a.LookAndFeelCommand: Installing Darcula LAF
2020-04-16 14:03:47,036 INFO o.a.j.g.a.LookAndFeelCommand: Using look and feel: com.bulenkov.darcula.DarculaLaf [Darcula]
2020-04-16 14:03:47,037 INFO o.a.j.JMeter: Setting LAF to: com.bulenkov.darcula.DarculaLaf
2020-04-16 14:03:47,111 INFO o.a.j.JMeter: Loaded icon properties from org/apache/jmeter/images/icon.properties
2020-04-16 14:03:47,860 INFO o.j.r.JARSourceHTTP: Found cached repo
2020-04-16 14:03:48,017 INFO o.j.r.PluginManager: Plugins Status: [jpgc-graphs-basic=2.0, jpgc-functions=2.1, jpgc-casutg=2.9, jpgc-dummy=0.4, jpgc-ffw=2.0, jpgc-fifo=0.2, jpgc-perfmon=2.1, jpgc-plugins-manager=1.3, jpgc-webdriver=3.1, jpgc-tst=2.5, jmeter-core=5.2.1, jmeter-ftp=5.2.1, jmeter-http=5.2.1, jmeter-jdbc=5.2.1, jmeter-jms=5.2.1, jmeter-junit=5.2.1, jmeter-java=5.2.1, jmeter-ldap=5.2.1, jmeter-mail=5.2.1, jmeter-mongodb=5.2.1, jmeter-native=5.2.1, jmeter-tcp=5.2.1, jmeter-components=5.2.1, jpgc-standard=2.0]
2020-04-16 14:03:48,018 INFO o.j.r.PluginManagerMenuItem: Plugins Manager has upgrades: [jpgc-plugins-manager]
2020-04-16 14:03:49,712 INFO o.a.j.p.h.s.HTTPSamplerBase: Parser for text/html is org.apache.jmeter.protocol.http.parser.LagartoBasedHtmlParser
2020-04-16 14:03:49,712 INFO o.a.j.p.h.s.HTTPSamplerBase: Parser for application/xhtml+xml is org.apache.jmeter.protocol.http.parser.LagartoBasedHtmlParser
2020-04-16 14:03:49,712 INFO o.a.j.p.h.s.HTTPSamplerBase: Parser for application/xml is org.apache.jmeter.protocol.http.parser.LagartoBasedHtmlParser
2020-04-16 14:03:49,713 INFO o.a.j.p.h.s.HTTPSamplerBase: Parser for text/xml is org.apache.jmeter.protocol.http.parser.LagartoBasedHtmlParser
2020-04-16 14:03:49,713 INFO o.a.j.p.h.s.HTTPSamplerBase: Parser for text/vnd.wap.wml is org.apache.jmeter.protocol.http.parser.RegexpHTMLParser
2020-04-16 14:03:49,713 INFO o.a.j.p.h.s.HTTPSamplerBase: Parser for text/css is org.apache.jmeter.protocol.http.parser.CssParser
2020-04-16 14:03:49,949 INFO o.a.j.e.KeyToolUtils: keytool found at 'keytool'
2020-04-16 14:03:49,949 INFO o.a.j.p.h.p.ProxyControl: HTTP(S) Test Script Recorder SSL Proxy will use keys that support embedded 3rd party resources in file /usr/local/Cellar/jmeter/5.2.1/libexec/bin/proxyserver.jks
2020-04-16 14:03:50,047 INFO o.a.j.s.FileServer: Default base='/Users/sai/Fourth_Year/Fall/Capstone/Technical/architecture-analysis/mvc/textbook-catalog'
2020-04-16 14:03:50,238 INFO o.a.j.s.SampleResult: Note: Sample TimeStamps are START times
2020-04-16 14:03:50,238 INFO o.a.j.s.SampleResult: sampleresult.default.encoding is set to ISO-8859-1
2020-04-16 14:03:50,238 INFO o.a.j.s.SampleResult: sampleresult.useNanoTime=true
2020-04-16 14:03:50,239 INFO o.a.j.s.SampleResult: sampleresult.nanoThreadSleep=5000
2020-04-16 14:03:50,256 INFO o.a.j.v.ViewResultsFullVisualizer: Add JavaFX to your Java installation if you want to use renderer: org.apache.jmeter.visualizers.RenderInBrowser
2020-04-16 14:05:10,460 INFO o.a.j.g.a.Load: Loading file: /Users/sai/Fourth_Year/Fall/Capstone/Technical/architecture-analysis/test/Scenario1.jmx
2020-04-16 14:05:10,460 INFO o.a.j.s.FileServer: Set new base='/Users/sai/Fourth_Year/Fall/Capstone/Technical/architecture-analysis/test'
2020-04-16 14:05:10,587 INFO o.a.j.s.SaveService: Testplan (JMX) version: 2.2. Testlog (JTL) version: 2.2
2020-04-16 14:05:10,593 INFO o.a.j.s.SaveService: Using SaveService properties file encoding UTF-8
2020-04-16 14:05:10,594 INFO o.a.j.s.SaveService: Using SaveService properties version 5.0
2020-04-16 14:05:10,596 INFO o.a.j.s.SaveService: Loading file: /Users/sai/Fourth_Year/Fall/Capstone/Technical/architecture-analysis/test/Scenario1.jmx
2020-04-16 14:05:10,767 INFO o.a.j.s.FileServer: Set new base='/Users/sai/Fourth_Year/Fall/Capstone/Technical/architecture-analysis/test'
2020-04-16 14:09:55,673 INFO o.a.j.e.StandardJMeterEngine: Running the test!
2020-04-16 14:09:55,674 INFO o.a.j.s.SampleEvent: List of sample_variables: []
2020-04-16 14:09:55,674 INFO o.a.j.s.SampleEvent: List of sample_variables: []
2020-04-16 14:09:55,676 INFO o.a.j.e.u.CompoundVariable: Note: Function class names must contain the string: '.functions.'
2020-04-16 14:09:55,676 INFO o.a.j.e.u.CompoundVariable: Note: Function class names must not contain the string: '.gui.'
2020-04-16 14:09:55,923 INFO o.a.j.g.u.JMeterMenuBar: setRunning(true, *local*)
2020-04-16 14:09:56,029 INFO o.a.j.e.StandardJMeterEngine: Starting ThreadGroup: 1 : Thread Group
2020-04-16 14:09:56,029 INFO o.a.j.e.StandardJMeterEngine: Starting 25 threads for group Thread Group.
2020-04-16 14:09:56,029 INFO o.a.j.e.StandardJMeterEngine: Thread will continue on error
2020-04-16 14:09:56,029 INFO o.a.j.t.ThreadGroup: Starting thread group... number=1 threads=25 ramp-up=1 delayedStart=false
2020-04-16 14:09:56,035 INFO o.a.j.t.JMeterThread: Thread started: Thread Group 1-1
2020-04-16 14:09:56,057 INFO o.a.j.t.ThreadGroup: Started thread group number 1
2020-04-16 14:09:56,057 INFO o.a.j.e.StandardJMeterEngine: All thread groups have been started
2020-04-16 14:09:56,071 INFO o.a.j.t.JMeterThread: Thread started: Thread Group 1-2
2020-04-16 14:09:56,112 INFO o.a.j.t.JMeterThread: Thread started: Thread Group 1-3
2020-04-16 14:09:56,155 INFO o.a.j.t.JMeterThread: Thread started: Thread Group 1-4
2020-04-16 14:09:56,191 INFO o.a.j.t.JMeterThread: Thread started: Thread Group 1-5
2020-04-16 14:09:56,233 INFO o.a.j.t.JMeterThread: Thread started: Thread Group 1-6
2020-04-16 14:09:56,271 INFO o.a.j.t.JMeterThread: Thread started: Thread Group 1-7
2020-04-16 14:09:56,312 INFO o.a.j.t.JMeterThread: Thread started: Thread Group 1-8
2020-04-16 14:09:56,355 INFO o.a.j.t.JMeterThread: Thread started: Thread Group 1-9
2020-04-16 14:09:56,391 INFO o.a.j.t.JMeterThread: Thread started: Thread Group 1-10
2020-04-16 14:09:56,431 INFO o.a.j.t.JMeterThread: Thread started: Thread Group 1-11
2020-04-16 14:09:56,470 INFO o.a.j.t.JMeterThread: Thread started: Thread Group 1-12
2020-04-16 14:09:56,510 INFO o.a.j.t.JMeterThread: Thread started: Thread Group 1-13
2020-04-16 14:09:56,550 INFO o.a.j.t.JMeterThread: Thread started: Thread Group 1-14
2020-04-16 14:09:56,589 INFO o.a.j.t.JMeterThread: Thread started: Thread Group 1-15
2020-04-16 14:09:56,631 INFO o.a.j.t.JMeterThread: Thread started: Thread Group 1-16
2020-04-16 14:09:56,670 INFO o.a.j.t.JMeterThread: Thread started: Thread Group 1-17
2020-04-16 14:09:56,713 INFO o.a.j.t.JMeterThread: Thread started: Thread Group 1-18
2020-04-16 14:09:56,750 INFO o.a.j.t.JMeterThread: Thread started: Thread Group 1-19
2020-04-16 14:09:56,789 INFO o.a.j.t.JMeterThread: Thread started: Thread Group 1-20
2020-04-16 14:09:56,830 INFO o.a.j.t.JMeterThread: Thread started: Thread Group 1-21
2020-04-16 14:09:56,873 INFO o.a.j.t.JMeterThread: Thread started: Thread Group 1-22
2020-04-16 14:09:56,910 INFO o.a.j.t.JMeterThread: Thread started: Thread Group 1-23
2020-04-16 14:09:56,954 INFO o.a.j.t.JMeterThread: Thread started: Thread Group 1-24
2020-04-16 14:09:56,989 INFO o.a.j.t.JMeterThread: Thread started: Thread Group 1-25
2020-04-16 14:10:32,518 INFO o.a.j.t.JMeterThread: Thread is done: Thread Group 1-19
2020-04-16 14:10:32,518 INFO o.a.j.t.JMeterThread: Thread is done: Thread Group 1-4
2020-04-16 14:10:32,520 INFO o.a.j.t.JMeterThread: Thread finished: Thread Group 1-4
2020-04-16 14:10:32,520 INFO o.a.j.t.JMeterThread: Thread finished: Thread Group 1-19
2020-04-16 14:10:33,287 INFO o.a.j.t.JMeterThread: Thread is done: Thread Group 1-6
2020-04-16 14:10:33,287 INFO o.a.j.t.JMeterThread: Thread finished: Thread Group 1-6
2020-04-16 14:10:33,449 INFO o.a.j.t.JMeterThread: Thread is done: Thread Group 1-24
2020-04-16 14:10:33,449 INFO o.a.j.t.JMeterThread: Thread finished: Thread Group 1-24
2020-04-16 14:10:33,489 INFO o.a.j.t.JMeterThread: Thread is done: Thread Group 1-13
2020-04-16 14:10:33,489 INFO o.a.j.t.JMeterThread: Thread finished: Thread Group 1-13
2020-04-16 14:10:33,601 INFO o.a.j.t.JMeterThread: Thread is done: Thread Group 1-16
2020-04-16 14:10:33,601 INFO o.a.j.t.JMeterThread: Thread finished: Thread Group 1-16
2020-04-16 14:10:33,688 INFO o.a.j.t.JMeterThread: Thread is done: Thread Group 1-7
2020-04-16 14:10:33,688 INFO o.a.j.t.JMeterThread: Thread finished: Thread Group 1-7
2020-04-16 14:10:33,888 INFO o.a.j.t.JMeterThread: Thread is done: Thread Group 1-2
2020-04-16 14:10:33,889 INFO o.a.j.t.JMeterThread: Thread finished: Thread Group 1-2
2020-04-16 14:10:33,969 INFO o.a.j.t.JMeterThread: Thread is done: Thread Group 1-5
2020-04-16 14:10:33,969 INFO o.a.j.t.JMeterThread: Thread finished: Thread Group 1-5
2020-04-16 14:10:34,088 INFO o.a.j.t.JMeterThread: Thread is done: Thread Group 1-23
2020-04-16 14:10:34,088 INFO o.a.j.t.JMeterThread: Thread finished: Thread Group 1-23
2020-04-16 14:10:34,793 INFO o.a.j.t.JMeterThread: Thread is done: Thread Group 1-22
2020-04-16 14:10:34,793 INFO o.a.j.t.JMeterThread: Thread finished: Thread Group 1-22
2020-04-16 14:10:35,505 INFO o.a.j.t.JMeterThread: Thread is done: Thread Group 1-11
2020-04-16 14:10:35,506 INFO o.a.j.t.JMeterThread: Thread finished: Thread Group 1-11
2020-04-16 14:10:35,600 INFO o.a.j.t.JMeterThread: Thread is done: Thread Group 1-3
2020-04-16 14:10:35,600 INFO o.a.j.t.JMeterThread: Thread finished: Thread Group 1-3
2020-04-16 14:10:35,601 INFO o.a.j.t.JMeterThread: Thread is done: Thread Group 1-18
2020-04-16 14:10:35,601 INFO o.a.j.t.JMeterThread: Thread finished: Thread Group 1-18
2020-04-16 14:10:35,900 INFO o.a.j.t.JMeterThread: Thread is done: Thread Group 1-14
2020-04-16 14:10:35,901 INFO o.a.j.t.JMeterThread: Thread finished: Thread Group 1-14
2020-04-16 14:10:38,164 INFO o.a.j.t.JMeterThread: Thread is done: Thread Group 1-25
2020-04-16 14:10:38,164 INFO o.a.j.t.JMeterThread: Thread finished: Thread Group 1-25
2020-04-16 14:10:42,207 INFO o.a.j.t.JMeterThread: Thread is done: Thread Group 1-1
2020-04-16 14:10:42,208 INFO o.a.j.t.JMeterThread: Thread finished: Thread Group 1-1
2020-04-16 14:10:43,718 INFO o.a.j.t.JMeterThread: Thread is done: Thread Group 1-20
2020-04-16 14:10:43,719 INFO o.a.j.t.JMeterThread: Thread finished: Thread Group 1-20
2020-04-16 14:10:43,763 INFO o.a.j.t.JMeterThread: Thread is done: Thread Group 1-21
2020-04-16 14:10:43,763 INFO o.a.j.t.JMeterThread: Thread is done: Thread Group 1-8
2020-04-16 14:10:43,763 INFO o.a.j.t.JMeterThread: Thread finished: Thread Group 1-21
2020-04-16 14:10:43,763 INFO o.a.j.t.JMeterThread: Thread finished: Thread Group 1-8
2020-04-16 14:10:43,826 INFO o.a.j.t.JMeterThread: Thread is done: Thread Group 1-17
2020-04-16 14:10:43,827 INFO o.a.j.t.JMeterThread: Thread finished: Thread Group 1-17
2020-04-16 14:10:44,568 INFO o.a.j.t.JMeterThread: Thread is done: Thread Group 1-12
2020-04-16 14:10:44,568 INFO o.a.j.t.JMeterThread: Thread finished: Thread Group 1-12
2020-04-16 14:10:44,815 INFO o.a.j.t.JMeterThread: Thread is done: Thread Group 1-10
2020-04-16 14:10:44,815 INFO o.a.j.t.JMeterThread: Thread finished: Thread Group 1-10
2020-04-16 14:10:44,838 INFO o.a.j.t.JMeterThread: Thread is done: Thread Group 1-15
2020-04-16 14:10:44,838 INFO o.a.j.t.JMeterThread: Thread finished: Thread Group 1-15
2020-04-16 14:10:45,688 INFO o.a.j.t.JMeterThread: Thread is done: Thread Group 1-9
2020-04-16 14:10:45,688 INFO o.a.j.t.JMeterThread: Thread finished: Thread Group 1-9
2020-04-16 14:10:45,772 INFO o.a.j.e.StandardJMeterEngine: Notifying test listeners of end of test
2020-04-16 14:10:45,773 INFO o.a.j.g.u.JMeterMenuBar: setRunning(false, *local*)
2020-04-16 14:18:58,317 WARN o.a.j.r.ResultCollector: /Users/sai/Fourth_Year/Fall/Capstone/Technical/architecture-analysis/test/MVC_1_ThreadsMultiple.csv is empty
2020-04-16 14:20:13,448 INFO o.a.j.e.StandardJMeterEngine: Running the test!
2020-04-16 14:20:13,448 INFO o.a.j.s.SampleEvent: List of sample_variables: []
2020-04-16 14:20:13,455 INFO o.a.j.g.u.JMeterMenuBar: setRunning(true, *local*)
2020-04-16 14:20:13,830 INFO o.a.j.e.StandardJMeterEngine: Starting ThreadGroup: 1 : Thread Group
2020-04-16 14:20:13,830 INFO o.a.j.e.StandardJMeterEngine: Starting 25 threads for group Thread Group.
2020-04-16 14:20:13,830 INFO o.a.j.e.StandardJMeterEngine: Thread will continue on error
2020-04-16 14:20:13,830 INFO o.a.j.t.ThreadGroup: Starting thread group... number=1 threads=25 ramp-up=1 delayedStart=false
2020-04-16 14:20:13,832 INFO o.a.j.t.JMeterThread: Thread started: Thread Group 1-1
2020-04-16 14:20:13,846 INFO o.a.j.t.ThreadGroup: Started thread group number 1
2020-04-16 14:20:13,846 INFO o.a.j.e.StandardJMeterEngine: All thread groups have been started
2020-04-16 14:20:13,872 INFO o.a.j.t.JMeterThread: Thread started: Thread Group 1-2
2020-04-16 14:20:13,914 INFO o.a.j.t.JMeterThread: Thread started: Thread Group 1-3
2020-04-16 14:20:13,950 INFO o.a.j.t.JMeterThread: Thread started: Thread Group 1-4
2020-04-16 14:20:13,991 INFO o.a.j.t.JMeterThread: Thread started: Thread Group 1-5
2020-04-16 14:20:14,030 INFO o.a.j.t.JMeterThread: Thread started: Thread Group 1-6
2020-04-16 14:20:14,071 INFO o.a.j.t.JMeterThread: Thread started: Thread Group 1-7
2020-04-16 14:20:14,111 INFO o.a.j.t.JMeterThread: Thread started: Thread Group 1-8
2020-04-16 14:20:14,151 INFO o.a.j.t.JMeterThread: Thread started: Thread Group 1-9
2020-04-16 14:20:14,191 INFO o.a.j.t.JMeterThread: Thread started: Thread Group 1-10
2020-04-16 14:20:14,231 INFO o.a.j.t.JMeterThread: Thread started: Thread Group 1-11
2020-04-16 14:20:14,271 INFO o.a.j.t.JMeterThread: Thread started: Thread Group 1-12
2020-04-16 14:20:14,311 INFO o.a.j.t.JMeterThread: Thread started: Thread Group 1-13
2020-04-16 14:20:14,351 INFO o.a.j.t.JMeterThread: Thread started: Thread Group 1-14
2020-04-16 14:20:14,391 INFO o.a.j.t.JMeterThread: Thread started: Thread Group 1-15
2020-04-16 14:20:14,431 INFO o.a.j.t.JMeterThread: Thread started: Thread Group 1-16
2020-04-16 14:20:14,471 INFO o.a.j.t.JMeterThread: Thread started: Thread Group 1-17
2020-04-16 14:20:14,512 INFO o.a.j.t.JMeterThread: Thread started: Thread Group 1-18
2020-04-16 14:20:14,551 INFO o.a.j.t.JMeterThread: Thread started: Thread Group 1-19
2020-04-16 14:20:14,591 INFO o.a.j.t.JMeterThread: Thread started: Thread Group 1-20
2020-04-16 14:20:14,631 INFO o.a.j.t.JMeterThread: Thread started: Thread Group 1-21
2020-04-16 14:20:14,672 INFO o.a.j.t.JMeterThread: Thread started: Thread Group 1-22
2020-04-16 14:20:14,711 INFO o.a.j.t.JMeterThread: Thread started: Thread Group 1-23
2020-04-16 14:20:14,751 INFO o.a.j.t.JMeterThread: Thread started: Thread Group 1-24
2020-04-16 14:20:14,794 INFO o.a.j.t.JMeterThread: Thread started: Thread Group 1-25
2020-04-16 14:20:32,679 INFO o.a.j.t.JMeterThread: Thread is done: Thread Group 1-3
2020-04-16 14:20:32,680 INFO o.a.j.t.JMeterThread: Thread finished: Thread Group 1-3
2020-04-16 14:20:32,746 INFO o.a.j.t.JMeterThread: Thread is done: Thread Group 1-2
2020-04-16 14:20:32,746 INFO o.a.j.t.JMeterThread: Thread finished: Thread Group 1-2
2020-04-16 14:20:33,180 INFO o.a.j.t.JMeterThread: Thread is done: Thread Group 1-1
2020-04-16 14:20:33,180 INFO o.a.j.t.JMeterThread: Thread finished: Thread Group 1-1
2020-04-16 14:20:33,227 INFO o.a.j.t.JMeterThread: Thread is done: Thread Group 1-4
2020-04-16 14:20:33,228 INFO o.a.j.t.JMeterThread: Thread finished: Thread Group 1-4
2020-04-16 14:20:33,694 INFO o.a.j.t.JMeterThread: Thread is done: Thread Group 1-7
2020-04-16 14:20:33,694 INFO o.a.j.t.JMeterThread: Thread finished: Thread Group 1-7
2020-04-16 14:20:35,726 INFO o.a.j.t.JMeterThread: Thread is done: Thread Group 1-6
2020-04-16 14:20:35,726 INFO o.a.j.t.JMeterThread: Thread finished: Thread Group 1-6
2020-04-16 14:20:37,281 INFO o.a.j.t.JMeterThread: Thread is done: Thread Group 1-14
2020-04-16 14:20:37,282 INFO o.a.j.t.JMeterThread: Thread finished: Thread Group 1-14
2020-04-16 14:20:37,422 INFO o.a.j.t.JMeterThread: Thread is done: Thread Group 1-9
2020-04-16 14:20:37,422 INFO o.a.j.t.JMeterThread: Thread finished: Thread Group 1-9
2020-04-16 14:20:37,537 INFO o.a.j.t.JMeterThread: Thread is done: Thread Group 1-15
2020-04-16 14:20:37,537 INFO o.a.j.t.JMeterThread: Thread finished: Thread Group 1-15
2020-04-16 14:20:41,808 INFO o.a.j.t.JMeterThread: Thread is done: Thread Group 1-10
2020-04-16 14:20:41,808 INFO o.a.j.t.JMeterThread: Thread finished: Thread Group 1-10
2020-04-16 14:20:43,069 INFO o.a.j.t.JMeterThread: Thread is done: Thread Group 1-17
2020-04-16 14:20:43,069 INFO o.a.j.t.JMeterThread: Thread finished: Thread Group 1-17
2020-04-16 14:20:43,736 INFO o.a.j.t.JMeterThread: Thread is done: Thread Group 1-18
2020-04-16 14:20:43,750 INFO o.a.j.t.JMeterThread: Thread finished: Thread Group 1-18
2020-04-16 14:20:43,843 INFO o.a.j.t.JMeterThread: Thread is done: Thread Group 1-8
2020-04-16 14:20:43,851 INFO o.a.j.t.JMeterThread: Thread finished: Thread Group 1-8
2020-04-16 14:20:47,101 INFO o.a.j.t.JMeterThread: Thread is done: Thread Group 1-11
2020-04-16 14:20:47,101 INFO o.a.j.t.JMeterThread: Thread finished: Thread Group 1-11
2020-04-16 14:20:47,116 INFO o.a.j.t.JMeterThread: Thread is done: Thread Group 1-5
2020-04-16 14:20:47,116 INFO o.a.j.t.JMeterThread: Thread finished: Thread Group 1-5
2020-04-16 14:20:47,382 INFO o.a.j.t.JMeterThread: Thread is done: Thread Group 1-20
2020-04-16 14:20:47,382 INFO o.a.j.t.JMeterThread: Thread finished: Thread Group 1-20
2020-04-16 14:20:47,873 INFO o.a.j.t.JMeterThread: Thread is done: Thread Group 1-21
2020-04-16 14:20:47,873 INFO o.a.j.t.JMeterThread: Thread finished: Thread Group 1-21
2020-04-16 14:20:47,894 INFO o.a.j.t.JMeterThread: Thread is done: Thread Group 1-22
2020-04-16 14:20:47,894 INFO o.a.j.t.JMeterThread: Thread finished: Thread Group 1-22
2020-04-16 14:20:48,020 INFO o.a.j.t.JMeterThread: Thread is done: Thread Group 1-19
2020-04-16 14:20:48,020 INFO o.a.j.t.JMeterThread: Thread finished: Thread Group 1-19
2020-04-16 14:20:49,282 INFO o.a.j.t.JMeterThread: Thread is done: Thread Group 1-25
2020-04-16 14:20:49,282 INFO o.a.j.t.JMeterThread: Thread finished: Thread Group 1-25
2020-04-16 14:20:49,310 INFO o.a.j.t.JMeterThread: Thread is done: Thread Group 1-12
2020-04-16 14:20:49,311 INFO o.a.j.t.JMeterThread: Thread finished: Thread Group 1-12
2020-04-16 14:20:50,361 INFO o.a.j.t.JMeterThread: Thread is done: Thread Group 1-24
2020-04-16 14:20:50,361 INFO o.a.j.t.JMeterThread: Thread finished: Thread Group 1-24
2020-04-16 14:20:50,461 INFO o.a.j.t.JMeterThread: Thread is done: Thread Group 1-16
2020-04-16 14:20:50,461 INFO o.a.j.t.JMeterThread: Thread finished: Thread Group 1-16
2020-04-16 14:20:50,479 INFO o.a.j.t.JMeterThread: Thread is done: Thread Group 1-23
2020-04-16 14:20:50,480 INFO o.a.j.t.JMeterThread: Thread finished: Thread Group 1-23
2020-04-16 14:20:50,540 INFO o.a.j.t.JMeterThread: Thread is done: Thread Group 1-13
2020-04-16 14:20:50,540 INFO o.a.j.t.JMeterThread: Thread finished: Thread Group 1-13
2020-04-16 14:20:50,624 INFO o.a.j.e.StandardJMeterEngine: Notifying test listeners of end of test
2020-04-16 14:20:50,624 INFO o.a.j.g.u.JMeterMenuBar: setRunning(false, *local*)
2020-04-16 14:51:29,899 INFO o.a.j.e.StandardJMeterEngine: Running the test!
2020-04-16 14:51:29,899 INFO o.a.j.s.SampleEvent: List of sample_variables: []
2020-04-16 14:51:29,900 INFO o.a.j.g.u.JMeterMenuBar: setRunning(true, *local*)
2020-04-16 14:51:30,095 INFO o.a.j.e.StandardJMeterEngine: Starting ThreadGroup: 1 : Thread Group
2020-04-16 14:51:30,095 INFO o.a.j.e.StandardJMeterEngine: Starting 25 threads for group Thread Group.
2020-04-16 14:51:30,095 INFO o.a.j.e.StandardJMeterEngine: Thread will continue on error
2020-04-16 14:51:30,095 INFO o.a.j.t.ThreadGroup: Starting thread group... number=1 threads=25 ramp-up=1 delayedStart=false
2020-04-16 14:51:30,096 INFO o.a.j.t.JMeterThread: Thread started: Thread Group 1-1
2020-04-16 14:51:30,106 INFO o.a.j.t.ThreadGroup: Started thread group number 1
2020-04-16 14:51:30,106 INFO o.a.j.e.StandardJMeterEngine: All thread groups have been started
2020-04-16 14:51:30,138 INFO o.a.j.t.JMeterThread: Thread started: Thread Group 1-2
2020-04-16 14:51:30,180 INFO o.a.j.t.JMeterThread: Thread started: Thread Group 1-3
2020-04-16 14:51:30,216 INFO o.a.j.t.JMeterThread: Thread started: Thread Group 1-4
2020-04-16 14:51:30,258 INFO o.a.j.t.JMeterThread: Thread started: Thread Group 1-5
2020-04-16 14:51:30,296 INFO o.a.j.t.JMeterThread: Thread started: Thread Group 1-6
2020-04-16 14:51:30,335 INFO o.a.j.t.JMeterThread: Thread started: Thread Group 1-7
2020-04-16 14:51:30,379 INFO o.a.j.t.JMeterThread: Thread started: Thread Group 1-8
2020-04-16 14:51:30,416 INFO o.a.j.t.JMeterThread: Thread started: Thread Group 1-9
2020-04-16 14:51:30,456 INFO o.a.j.t.JMeterThread: Thread started: Thread Group 1-10
2020-04-16 14:51:30,497 INFO o.a.j.t.JMeterThread: Thread started: Thread Group 1-11
2020-04-16 14:51:30,540 INFO o.a.j.t.JMeterThread: Thread started: Thread Group 1-12
2020-04-16 14:51:30,576 INFO o.a.j.t.JMeterThread: Thread started: Thread Group 1-13
2020-04-16 14:51:30,616 INFO o.a.j.t.JMeterThread: Thread started: Thread Group 1-14
2020-04-16 14:51:30,657 INFO o.a.j.t.JMeterThread: Thread started: Thread Group 1-15
2020-04-16 14:51:30,704 INFO o.a.j.t.JMeterThread: Thread started: Thread Group 1-16
2020-04-16 14:51:30,740 INFO o.a.j.t.JMeterThread: Thread started: Thread Group 1-17
2020-04-16 14:51:30,776 INFO o.a.j.t.JMeterThread: Thread started: Thread Group 1-18
2020-04-16 14:51:30,816 INFO o.a.j.t.JMeterThread: Thread started: Thread Group 1-19
2020-04-16 14:51:30,858 INFO o.a.j.t.JMeterThread: Thread started: Thread Group 1-20
2020-04-16 14:51:30,896 INFO o.a.j.t.JMeterThread: Thread started: Thread Group 1-21
2020-04-16 14:51:30,936 INFO o.a.j.t.JMeterThread: Thread started: Thread Group 1-22
2020-04-16 14:51:30,975 INFO o.a.j.t.JMeterThread: Thread started: Thread Group 1-23
2020-04-16 14:51:31,016 INFO o.a.j.t.JMeterThread: Thread started: Thread Group 1-24
2020-04-16 14:51:31,057 INFO o.a.j.t.JMeterThread: Thread started: Thread Group 1-25
2020-04-16 14:52:01,860 INFO o.a.j.t.JMeterThread: Thread is done: Thread Group 1-1
2020-04-16 14:52:01,861 INFO o.a.j.t.JMeterThread: Thread finished: Thread Group 1-1
2020-04-16 14:52:03,684 INFO o.a.j.t.JMeterThread: Thread is done: Thread Group 1-2
2020-04-16 14:52:03,685 INFO o.a.j.t.JMeterThread: Thread finished: Thread Group 1-2
2020-04-16 14:52:04,786 INFO o.a.j.t.JMeterThread: Thread is done: Thread Group 1-3
2020-04-16 14:52:04,786 INFO o.a.j.t.JMeterThread: Thread finished: Thread Group 1-3
2020-04-16 14:52:06,158 INFO o.a.j.t.JMeterThread: Thread is done: Thread Group 1-4
2020-04-16 14:52:06,158 INFO o.a.j.t.JMeterThread: Thread finished: Thread Group 1-4
2020-04-16 14:52:06,601 INFO o.a.j.t.JMeterThread: Thread is done: Thread Group 1-6
2020-04-16 14:52:06,601 INFO o.a.j.t.JMeterThread: Thread finished: Thread Group 1-6
2020-04-16 14:52:11,104 INFO o.a.j.t.JMeterThread: Thread is done: Thread Group 1-11
2020-04-16 14:52:11,105 INFO o.a.j.t.JMeterThread: Thread finished: Thread Group 1-11
2020-04-16 14:52:13,180 INFO o.a.j.t.JMeterThread: Thread is done: Thread Group 1-9
2020-04-16 14:52:13,181 INFO o.a.j.t.JMeterThread: Thread finished: Thread Group 1-9
2020-04-16 14:52:13,274 INFO o.a.j.t.JMeterThread: Thread is done: Thread Group 1-15
2020-04-16 14:52:13,275 INFO o.a.j.t.JMeterThread: Thread finished: Thread Group 1-15
2020-04-16 14:52:14,220 INFO o.a.j.t.JMeterThread: Thread is done: Thread Group 1-21
2020-04-16 14:52:14,220 INFO o.a.j.t.JMeterThread: Thread finished: Thread Group 1-21
2020-04-16 14:52:14,318 INFO o.a.j.t.JMeterThread: Thread is done: Thread Group 1-24
2020-04-16 14:52:14,318 INFO o.a.j.t.JMeterThread: Thread finished: Thread Group 1-24
2020-04-16 14:52:15,527 INFO o.a.j.t.JMeterThread: Thread is done: Thread Group 1-17
2020-04-16 14:52:15,527 INFO o.a.j.t.JMeterThread: Thread finished: Thread Group 1-17
2020-04-16 14:52:15,760 INFO o.a.j.t.JMeterThread: Thread is done: Thread Group 1-22
2020-04-16 14:52:15,760 INFO o.a.j.t.JMeterThread: Thread finished: Thread Group 1-22
2020-04-16 14:52:15,885 INFO o.a.j.t.JMeterThread: Thread is done: Thread Group 1-20
2020-04-16 14:52:15,885 INFO o.a.j.t.JMeterThread: Thread finished: Thread Group 1-20
2020-04-16 14:52:16,864 INFO o.a.j.t.JMeterThread: Thread is done: Thread Group 1-5
2020-04-16 14:52:16,864 INFO o.a.j.t.JMeterThread: Thread finished: Thread Group 1-5
2020-04-16 14:52:17,170 INFO o.a.j.t.JMeterThread: Thread is done: Thread Group 1-7
2020-04-16 14:52:17,170 INFO o.a.j.t.JMeterThread: Thread finished: Thread Group 1-7
2020-04-16 14:52:17,279 INFO o.a.j.t.JMeterThread: Thread is done: Thread Group 1-18
2020-04-16 14:52:17,279 INFO o.a.j.t.JMeterThread: Thread finished: Thread Group 1-18
2020-04-16 14:52:17,453 INFO o.a.j.t.JMeterThread: Thread is done: Thread Group 1-23
2020-04-16 14:52:17,453 INFO o.a.j.t.JMeterThread: Thread finished: Thread Group 1-23
2020-04-16 14:52:18,141 INFO o.a.j.t.JMeterThread: Thread is done: Thread Group 1-10
2020-04-16 14:52:18,141 INFO o.a.j.t.JMeterThread: Thread finished: Thread Group 1-10
2020-04-16 14:52:18,321 INFO o.a.j.t.JMeterThread: Thread is done: Thread Group 1-13
2020-04-16 14:52:18,321 INFO o.a.j.t.JMeterThread: Thread finished: Thread Group 1-13
2020-04-16 14:52:18,412 INFO o.a.j.t.JMeterThread: Thread is done: Thread Group 1-12
2020-04-16 14:52:18,412 INFO o.a.j.t.JMeterThread: Thread finished: Thread Group 1-12
2020-04-16 14:52:18,498 INFO o.a.j.t.JMeterThread: Thread is done: Thread Group 1-25
2020-04-16 14:52:18,498 INFO o.a.j.t.JMeterThread: Thread finished: Thread Group 1-25
2020-04-16 14:52:18,804 INFO o.a.j.t.JMeterThread: Thread is done: Thread Group 1-8
2020-04-16 14:52:18,804 INFO o.a.j.t.JMeterThread: Thread finished: Thread Group 1-8
2020-04-16 14:52:18,875 INFO o.a.j.t.JMeterThread: Thread is done: Thread Group 1-14
2020-04-16 14:52:18,875 INFO o.a.j.t.JMeterThread: Thread finished: Thread Group 1-14
2020-04-16 14:52:19,017 INFO o.a.j.t.JMeterThread: Thread is done: Thread Group 1-16
2020-04-16 14:52:19,017 INFO o.a.j.t.JMeterThread: Thread finished: Thread Group 1-16
2020-04-16 14:52:19,076 INFO o.a.j.t.JMeterThread: Thread is done: Thread Group 1-19
2020-04-16 14:52:19,076 INFO o.a.j.t.JMeterThread: Thread finished: Thread Group 1-19
2020-04-16 14:52:19,163 INFO o.a.j.e.StandardJMeterEngine: Notifying test listeners of end of test
2020-04-16 14:52:19,163 INFO o.a.j.g.u.JMeterMenuBar: setRunning(false, *local*)
2020-04-16 15:02:23,265 INFO o.a.j.e.StandardJMeterEngine: Running the test!
2020-04-16 15:02:23,265 INFO o.a.j.s.SampleEvent: List of sample_variables: []
2020-04-16 15:02:23,266 INFO o.a.j.g.u.JMeterMenuBar: setRunning(true, *local*)
2020-04-16 15:02:23,538 INFO o.a.j.e.StandardJMeterEngine: Starting ThreadGroup: 1 : Thread Group
2020-04-16 15:02:23,538 INFO o.a.j.e.StandardJMeterEngine: Starting 25 threads for group Thread Group.
2020-04-16 15:02:23,538 INFO o.a.j.e.StandardJMeterEngine: Thread will continue on error
2020-04-16 15:02:23,538 INFO o.a.j.t.ThreadGroup: Starting thread group... number=1 threads=25 ramp-up=1 delayedStart=false
2020-04-16 15:02:23,539 INFO o.a.j.t.JMeterThread: Thread started: Thread Group 1-1
2020-04-16 15:02:23,548 INFO o.a.j.t.ThreadGroup: Started thread group number 1
2020-04-16 15:02:23,548 INFO o.a.j.e.StandardJMeterEngine: All thread groups have been started
2020-04-16 15:02:23,579 INFO o.a.j.t.JMeterThread: Thread started: Thread Group 1-2
2020-04-16 15:02:23,619 INFO o.a.j.t.JMeterThread: Thread started: Thread Group 1-3
2020-04-16 15:02:23,658 INFO o.a.j.t.JMeterThread: Thread started: Thread Group 1-4
2020-04-16 15:02:23,699 INFO o.a.j.t.JMeterThread: Thread started: Thread Group 1-5
2020-04-16 15:02:23,740 INFO o.a.j.t.JMeterThread: Thread started: Thread Group 1-6
2020-04-16 15:02:23,779 INFO o.a.j.t.JMeterThread: Thread started: Thread Group 1-7
2020-04-16 15:02:23,822 INFO o.a.j.t.JMeterThread: Thread started: Thread Group 1-8
2020-04-16 15:02:23,859 INFO o.a.j.t.JMeterThread: Thread started: Thread Group 1-9
2020-04-16 15:02:23,899 INFO o.a.j.t.JMeterThread: Thread started: Thread Group 1-10
2020-04-16 15:02:23,940 INFO o.a.j.t.JMeterThread: Thread started: Thread Group 1-11
2020-04-16 15:02:23,979 INFO o.a.j.t.JMeterThread: Thread started: Thread Group 1-12
2020-04-16 15:02:24,019 INFO o.a.j.t.JMeterThread: Thread started: Thread Group 1-13
2020-04-16 15:02:24,059 INFO o.a.j.t.JMeterThread: Thread started: Thread Group 1-14
2020-04-16 15:02:24,098 INFO o.a.j.t.JMeterThread: Thread started: Thread Group 1-15
2020-04-16 15:02:24,139 INFO o.a.j.t.JMeterThread: Thread started: Thread Group 1-16
2020-04-16 15:02:24,180 INFO o.a.j.t.JMeterThread: Thread started: Thread Group 1-17
2020-04-16 15:02:24,218 INFO o.a.j.t.JMeterThread: Thread started: Thread Group 1-18
2020-04-16 15:02:24,259 INFO o.a.j.t.JMeterThread: Thread started: Thread Group 1-19
2020-04-16 15:02:24,299 INFO o.a.j.t.JMeterThread: Thread started: Thread Group 1-20
2020-04-16 15:02:24,340 INFO o.a.j.t.JMeterThread: Thread started: Thread Group 1-21
2020-04-16 15:02:24,379 INFO o.a.j.t.JMeterThread: Thread started: Thread Group 1-22
2020-04-16 15:02:24,422 INFO o.a.j.t.JMeterThread: Thread started: Thread Group 1-23
2020-04-16 15:02:24,459 INFO o.a.j.t.JMeterThread: Thread started: Thread Group 1-24
2020-04-16 15:02:24,499 INFO o.a.j.t.JMeterThread: Thread started: Thread Group 1-25
2020-04-16 15:03:31,115 INFO o.a.j.t.JMeterThread: Thread is done: Thread Group 1-25
2020-04-16 15:03:31,116 INFO o.a.j.t.JMeterThread: Thread finished: Thread Group 1-25
2020-04-16 15:03:31,173 INFO o.a.j.t.JMeterThread: Thread is done: Thread Group 1-21
2020-04-16 15:03:31,173 INFO o.a.j.t.JMeterThread: Thread finished: Thread Group 1-21
2020-04-16 15:03:31,369 INFO o.a.j.t.JMeterThread: Thread is done: Thread Group 1-12
2020-04-16 15:03:31,369 INFO o.a.j.t.JMeterThread: Thread finished: Thread Group 1-12
2020-04-16 15:03:31,434 INFO o.a.j.t.JMeterThread: Thread is done: Thread Group 1-3
2020-04-16 15:03:31,435 INFO o.a.j.t.JMeterThread: Thread finished: Thread Group 1-3
2020-04-16 15:03:35,051 INFO o.a.j.t.JMeterThread: Thread is done: Thread Group 1-1
2020-04-16 15:03:35,051 INFO o.a.j.t.JMeterThread: Thread finished: Thread Group 1-1
2020-04-16 15:03:35,701 INFO o.a.j.t.JMeterThread: Thread is done: Thread Group 1-14
2020-04-16 15:03:35,701 INFO o.a.j.t.JMeterThread: Thread finished: Thread Group 1-14
2020-04-16 15:03:36,562 INFO o.a.j.t.JMeterThread: Thread is done: Thread Group 1-6
2020-04-16 15:03:36,562 INFO o.a.j.t.JMeterThread: Thread finished: Thread Group 1-6
2020-04-16 15:03:36,876 INFO o.a.j.t.JMeterThread: Thread is done: Thread Group 1-20
2020-04-16 15:03:36,876 INFO o.a.j.t.JMeterThread: Thread finished: Thread Group 1-20
2020-04-16 15:03:38,286 INFO o.a.j.t.JMeterThread: Thread is done: Thread Group 1-24
2020-04-16 15:03:38,286 INFO o.a.j.t.JMeterThread: Thread finished: Thread Group 1-24
2020-04-16 15:03:42,498 INFO o.a.j.t.JMeterThread: Thread is done: Thread Group 1-9
2020-04-16 15:03:42,498 INFO o.a.j.t.JMeterThread: Thread finished: Thread Group 1-9
2020-04-16 15:03:43,153 INFO o.a.j.t.JMeterThread: Thread is done: Thread Group 1-2
2020-04-16 15:03:43,153 INFO o.a.j.t.JMeterThread: Thread finished: Thread Group 1-2
2020-04-16 15:03:46,409 INFO o.a.j.t.JMeterThread: Thread is done: Thread Group 1-8
2020-04-16 15:03:46,409 INFO o.a.j.t.JMeterThread: Thread finished: Thread Group 1-8
2020-04-16 15:03:47,142 INFO o.a.j.t.JMeterThread: Thread is done: Thread Group 1-18
2020-04-16 15:03:47,143 INFO o.a.j.t.JMeterThread: Thread finished: Thread Group 1-18
2020-04-16 15:03:47,401 INFO o.a.j.t.JMeterThread: Thread is done: Thread Group 1-13
2020-04-16 15:03:47,401 INFO o.a.j.t.JMeterThread: Thread finished: Thread Group 1-13
2020-04-16 15:03:47,890 INFO o.a.j.t.JMeterThread: Thread is done: Thread Group 1-17
2020-04-16 15:03:47,890 INFO o.a.j.t.JMeterThread: Thread finished: Thread Group 1-17
2020-04-16 15:03:48,059 INFO o.a.j.t.JMeterThread: Thread is done: Thread Group 1-4
2020-04-16 15:03:48,059 INFO o.a.j.t.JMeterThread: Thread finished: Thread Group 1-4
2020-04-16 15:03:50,167 INFO o.a.j.t.JMeterThread: Thread is done: Thread Group 1-5
2020-04-16 15:03:50,167 INFO o.a.j.t.JMeterThread: Thread finished: Thread Group 1-5
2020-04-16 15:03:50,557 INFO o.a.j.t.JMeterThread: Thread is done: Thread Group 1-22
2020-04-16 15:03:50,557 INFO o.a.j.t.JMeterThread: Thread finished: Thread Group 1-22
2020-04-16 15:03:50,801 INFO o.a.j.t.JMeterThread: Thread is done: Thread Group 1-16
2020-04-16 15:03:50,801 INFO o.a.j.t.JMeterThread: Thread finished: Thread Group 1-16
2020-04-16 15:03:51,014 INFO o.a.j.t.JMeterThread: Thread is done: Thread Group 1-15
2020-04-16 15:03:51,014 INFO o.a.j.t.JMeterThread: Thread finished: Thread Group 1-15
2020-04-16 15:03:51,084 INFO o.a.j.t.JMeterThread: Thread is done: Thread Group 1-7
2020-04-16 15:03:51,084 INFO o.a.j.t.JMeterThread: Thread finished: Thread Group 1-7
2020-04-16 15:03:51,352 INFO o.a.j.t.JMeterThread: Thread is done: Thread Group 1-23
2020-04-16 15:03:51,353 INFO o.a.j.t.JMeterThread: Thread finished: Thread Group 1-23
2020-04-16 15:03:51,508 INFO o.a.j.t.JMeterThread: Thread is done: Thread Group 1-19
2020-04-16 15:03:51,508 INFO o.a.j.t.JMeterThread: Thread finished: Thread Group 1-19
2020-04-16 15:03:51,718 INFO o.a.j.t.JMeterThread: Thread is done: Thread Group 1-10
2020-04-16 15:03:51,719 INFO o.a.j.t.JMeterThread: Thread finished: Thread Group 1-10
2020-04-16 15:03:52,187 INFO o.a.j.t.JMeterThread: Thread is done: Thread Group 1-11
2020-04-16 15:03:52,187 INFO o.a.j.t.JMeterThread: Thread finished: Thread Group 1-11
2020-04-16 15:03:52,274 INFO o.a.j.e.StandardJMeterEngine: Notifying test listeners of end of test
2020-04-16 15:03:52,275 INFO o.a.j.g.u.JMeterMenuBar: setRunning(false, *local*)
2020-04-16 15:24:57,110 INFO o.a.j.g.a.Load: Loading file: /Users/sai/Fourth_Year/Fall/Capstone/Technical/architecture-analysis/test/Scenario2.jmx
2020-04-16 15:24:57,110 INFO o.a.j.s.FileServer: Set new base='/Users/sai/Fourth_Year/Fall/Capstone/Technical/architecture-analysis/test'
2020-04-16 15:24:57,110 INFO o.a.j.s.SaveService: Loading file: /Users/sai/Fourth_Year/Fall/Capstone/Technical/architecture-analysis/test/Scenario2.jmx
2020-04-16 15:24:57,144 INFO o.a.j.s.FileServer: Set new base='/Users/sai/Fourth_Year/Fall/Capstone/Technical/architecture-analysis/test'
2020-04-16 15:27:42,776 INFO o.a.j.e.StandardJMeterEngine: Running the test!
2020-04-16 15:27:42,776 INFO o.a.j.s.SampleEvent: List of sample_variables: []
2020-04-16 15:27:42,777 INFO o.a.j.g.u.JMeterMenuBar: setRunning(true, *local*)
2020-04-16 15:27:42,966 INFO o.a.j.e.StandardJMeterEngine: Starting ThreadGroup: 1 : Thread Group
2020-04-16 15:27:42,966 INFO o.a.j.e.StandardJMeterEngine: Starting 25 threads for group Thread Group.
2020-04-16 15:27:42,966 INFO o.a.j.e.StandardJMeterEngine: Thread will continue on error
2020-04-16 15:27:42,966 INFO o.a.j.t.ThreadGroup: Starting thread group... number=1 threads=25 ramp-up=1 delayedStart=false
2020-04-16 15:27:42,967 INFO o.a.j.t.JMeterThread: Thread started: Thread Group 1-1
2020-04-16 15:27:42,976 INFO o.a.j.t.ThreadGroup: Started thread group number 1
2020-04-16 15:27:42,976 INFO o.a.j.e.StandardJMeterEngine: All thread groups have been started
2020-04-16 15:27:43,007 INFO o.a.j.t.JMeterThread: Thread started: Thread Group 1-2
2020-04-16 15:27:43,049 INFO o.a.j.t.JMeterThread: Thread started: Thread Group 1-3
2020-04-16 15:27:43,090 INFO o.a.j.t.JMeterThread: Thread started: Thread Group 1-4
2020-04-16 15:27:43,127 INFO o.a.j.t.JMeterThread: Thread started: Thread Group 1-5
2020-04-16 15:27:43,167 INFO o.a.j.t.JMeterThread: Thread started: Thread Group 1-6
2020-04-16 15:27:43,209 INFO o.a.j.t.JMeterThread: Thread started: Thread Group 1-7
2020-04-16 15:27:43,250 INFO o.a.j.t.JMeterThread: Thread started: Thread Group 1-8
2020-04-16 15:27:43,287 INFO o.a.j.t.JMeterThread: Thread started: Thread Group 1-9
2020-04-16 15:27:43,328 INFO o.a.j.t.JMeterThread: Thread started: Thread Group 1-10
2020-04-16 15:27:43,368 INFO o.a.j.t.JMeterThread: Thread started: Thread Group 1-11
2020-04-16 15:27:43,409 INFO o.a.j.t.JMeterThread: Thread started: Thread Group 1-12
2020-04-16 15:27:43,446 INFO o.a.j.t.JMeterThread: Thread started: Thread Group 1-13
2020-04-16 15:27:43,487 INFO o.a.j.t.JMeterThread: Thread started: Thread Group 1-14
2020-04-16 15:27:43,529 INFO o.a.j.t.JMeterThread: Thread started: Thread Group 1-15
2020-04-16 15:27:43,568 INFO o.a.j.t.JMeterThread: Thread started: Thread Group 1-16
2020-04-16 15:27:43,607 INFO o.a.j.t.JMeterThread: Thread started: Thread Group 1-17
2020-04-16 15:27:43,647 INFO o.a.j.t.JMeterThread: Thread started: Thread Group 1-18
2020-04-16 15:27:43,690 INFO o.a.j.t.JMeterThread: Thread started: Thread Group 1-19
2020-04-16 15:27:43,728 INFO o.a.j.t.JMeterThread: Thread started: Thread Group 1-20
2020-04-16 15:27:43,767 INFO o.a.j.t.JMeterThread: Thread started: Thread Group 1-21
2020-04-16 15:27:43,808 INFO o.a.j.t.JMeterThread: Thread started: Thread Group 1-22
2020-04-16 15:27:43,847 INFO o.a.j.t.JMeterThread: Thread started: Thread Group 1-23
2020-04-16 15:27:43,889 INFO o.a.j.t.JMeterThread: Thread started: Thread Group 1-24
2020-04-16 15:27:43,927 INFO o.a.j.t.JMeterThread: Thread started: Thread Group 1-25
2020-04-16 15:28:23,879 INFO o.a.j.t.JMeterThread: Thread is done: Thread Group 1-2
2020-04-16 15:28:23,880 INFO o.a.j.t.JMeterThread: Thread finished: Thread Group 1-2
2020-04-16 15:28:31,004 INFO o.a.j.t.JMeterThread: Thread is done: Thread Group 1-21
2020-04-16 15:28:31,005 INFO o.a.j.t.JMeterThread: Thread finished: Thread Group 1-21
2020-04-16 15:28:31,116 INFO o.a.j.t.JMeterThread: Thread is done: Thread Group 1-17
2020-04-16 15:28:31,117 INFO o.a.j.t.JMeterThread: Thread finished: Thread Group 1-17
2020-04-16 15:28:31,134 INFO o.a.j.t.JMeterThread: Thread is done: Thread Group 1-5
2020-04-16 15:28:31,134 INFO o.a.j.t.JMeterThread: Thread finished: Thread Group 1-5
2020-04-16 15:28:31,506 INFO o.a.j.t.JMeterThread: Thread is done: Thread Group 1-13
2020-04-16 15:28:31,506 INFO o.a.j.t.JMeterThread: Thread finished: Thread Group 1-13
2020-04-16 15:28:31,757 INFO o.a.j.t.JMeterThread: Thread is done: Thread Group 1-12
2020-04-16 15:28:31,757 INFO o.a.j.t.JMeterThread: Thread finished: Thread Group 1-12
2020-04-16 15:28:31,955 INFO o.a.j.t.JMeterThread: Thread is done: Thread Group 1-3
2020-04-16 15:28:31,956 INFO o.a.j.t.JMeterThread: Thread finished: Thread Group 1-3
2020-04-16 15:28:32,004 INFO o.a.j.t.JMeterThread: Thread is done: Thread Group 1-8
2020-04-16 15:28:32,004 INFO o.a.j.t.JMeterThread: Thread finished: Thread Group 1-8
2020-04-16 15:28:32,111 INFO o.a.j.t.JMeterThread: Thread is done: Thread Group 1-6
2020-04-16 15:28:32,111 INFO o.a.j.t.JMeterThread: Thread finished: Thread Group 1-6
2020-04-16 15:28:32,391 INFO o.a.j.t.JMeterThread: Thread is done: Thread Group 1-22
2020-04-16 15:28:32,391 INFO o.a.j.t.JMeterThread: Thread finished: Thread Group 1-22
2020-04-16 15:28:32,404 INFO o.a.j.t.JMeterThread: Thread is done: Thread Group 1-11
2020-04-16 15:28:32,404 INFO o.a.j.t.JMeterThread: Thread finished: Thread Group 1-11
2020-04-16 15:28:32,497 INFO o.a.j.t.JMeterThread: Thread is done: Thread Group 1-25
2020-04-16 15:28:32,497 INFO o.a.j.t.JMeterThread: Thread finished: Thread Group 1-25
2020-04-16 15:28:37,998 INFO o.a.j.t.JMeterThread: Thread is done: Thread Group 1-10
2020-04-16 15:28:37,998 INFO o.a.j.t.JMeterThread: Thread finished: Thread Group 1-10
2020-04-16 15:28:38,146 INFO o.a.j.t.JMeterThread: Thread is done: Thread Group 1-23
2020-04-16 15:28:38,146 INFO o.a.j.t.JMeterThread: Thread finished: Thread Group 1-23
2020-04-16 15:28:38,270 INFO o.a.j.t.JMeterThread: Thread is done: Thread Group 1-14
2020-04-16 15:28:38,270 INFO o.a.j.t.JMeterThread: Thread finished: Thread Group 1-14
2020-04-16 15:28:38,337 INFO o.a.j.t.JMeterThread: Thread is done: Thread Group 1-20
2020-04-16 15:28:38,337 INFO o.a.j.t.JMeterThread: Thread finished: Thread Group 1-20
2020-04-16 15:28:38,367 INFO o.a.j.t.JMeterThread: Thread is done: Thread Group 1-7
2020-04-16 15:28:38,367 INFO o.a.j.t.JMeterThread: Thread finished: Thread Group 1-7
2020-04-16 15:28:38,403 INFO o.a.j.t.JMeterThread: Thread is done: Thread Group 1-18
2020-04-16 15:28:38,403 INFO o.a.j.t.JMeterThread: Thread finished: Thread Group 1-18
2020-04-16 15:28:38,463 INFO o.a.j.t.JMeterThread: Thread is done: Thread Group 1-4
2020-04-16 15:28:38,463 INFO o.a.j.t.JMeterThread: Thread finished: Thread Group 1-4
2020-04-16 15:28:38,605 INFO o.a.j.t.JMeterThread: Thread is done: Thread Group 1-1
2020-04-16 15:28:38,605 INFO o.a.j.t.JMeterThread: Thread finished: Thread Group 1-1
2020-04-16 15:28:39,159 INFO o.a.j.t.JMeterThread: Thread is done: Thread Group 1-9
2020-04-16 15:28:39,159 INFO o.a.j.t.JMeterThread: Thread finished: Thread Group 1-9
2020-04-16 15:28:39,223 INFO o.a.j.t.JMeterThread: Thread is done: Thread Group 1-15
2020-04-16 15:28:39,223 INFO o.a.j.t.JMeterThread: Thread finished: Thread Group 1-15
2020-04-16 15:28:39,223 INFO o.a.j.t.JMeterThread: Thread is done: Thread Group 1-16
2020-04-16 15:28:39,223 INFO o.a.j.t.JMeterThread: Thread finished: Thread Group 1-16
2020-04-16 15:28:39,696 INFO o.a.j.t.JMeterThread: Thread is done: Thread Group 1-24
2020-04-16 15:28:39,697 INFO o.a.j.t.JMeterThread: Thread finished: Thread Group 1-24
2020-04-16 15:28:43,214 INFO o.a.j.t.JMeterThread: Thread is done: Thread Group 1-19
2020-04-16 15:28:43,214 INFO o.a.j.t.JMeterThread: Thread finished: Thread Group 1-19
2020-04-16 15:28:43,297 INFO o.a.j.e.StandardJMeterEngine: Notifying test listeners of end of test
2020-04-16 15:28:43,297 INFO o.a.j.g.u.JMeterMenuBar: setRunning(false, *local*)
2020-04-16 15:31:01,941 INFO o.a.j.e.StandardJMeterEngine: Running the test!
2020-04-16 15:31:01,941 INFO o.a.j.s.SampleEvent: List of sample_variables: []
2020-04-16 15:31:01,942 INFO o.a.j.g.u.JMeterMenuBar: setRunning(true, *local*)
2020-04-16 15:31:02,248 INFO o.a.j.e.StandardJMeterEngine: Starting ThreadGroup: 1 : Thread Group
2020-04-16 15:31:02,248 INFO o.a.j.e.StandardJMeterEngine: Starting 25 threads for group Thread Group.
2020-04-16 15:31:02,248 INFO o.a.j.e.StandardJMeterEngine: Thread will continue on error
2020-04-16 15:31:02,248 INFO o.a.j.t.ThreadGroup: Starting thread group... number=1 threads=25 ramp-up=1 delayedStart=false
2020-04-16 15:31:02,249 INFO o.a.j.t.JMeterThread: Thread started: Thread Group 1-1
2020-04-16 15:31:02,258 INFO o.a.j.t.ThreadGroup: Started thread group number 1
2020-04-16 15:31:02,258 INFO o.a.j.e.StandardJMeterEngine: All thread groups have been started
2020-04-16 15:31:02,290 INFO o.a.j.t.JMeterThread: Thread started: Thread Group 1-2
2020-04-16 15:31:02,333 INFO o.a.j.t.JMeterThread: Thread started: Thread Group 1-3
2020-04-16 15:31:02,371 INFO o.a.j.t.JMeterThread: Thread started: Thread Group 1-4
2020-04-16 15:31:02,412 INFO o.a.j.t.JMeterThread: Thread started: Thread Group 1-5
2020-04-16 15:31:02,452 INFO o.a.j.t.JMeterThread: Thread started: Thread Group 1-6
2020-04-16 15:31:02,493 INFO o.a.j.t.JMeterThread: Thread started: Thread Group 1-7
2020-04-16 15:31:02,532 INFO o.a.j.t.JMeterThread: Thread started: Thread Group 1-8
2020-04-16 15:31:02,570 INFO o.a.j.t.JMeterThread: Thread started: Thread Group 1-9
2020-04-16 15:31:02,610 INFO o.a.j.t.JMeterThread: Thread started: Thread Group 1-10
2020-04-16 15:31:02,652 INFO o.a.j.t.JMeterThread: Thread started: Thread Group 1-11
2020-04-16 15:31:02,692 INFO o.a.j.t.JMeterThread: Thread started: Thread Group 1-12
2020-04-16 15:31:02,729 INFO o.a.j.t.JMeterThread: Thread started: Thread Group 1-13
2020-04-16 15:31:02,769 INFO o.a.j.t.JMeterThread: Thread started: Thread Group 1-14
2020-04-16 15:31:02,812 INFO o.a.j.t.JMeterThread: Thread started: Thread Group 1-15
2020-04-16 15:31:02,849 INFO o.a.j.t.JMeterThread: Thread started: Thread Group 1-16
2020-04-16 15:31:02,891 INFO o.a.j.t.JMeterThread: Thread started: Thread Group 1-17
2020-04-16 15:31:02,933 INFO o.a.j.t.JMeterThread: Thread started: Thread Group 1-18
2020-04-16 15:31:02,969 INFO o.a.j.t.JMeterThread: Thread started: Thread Group 1-19
2020-04-16 15:31:03,011 INFO o.a.j.t.JMeterThread: Thread started: Thread Group 1-20
2020-04-16 15:31:03,049 INFO o.a.j.t.JMeterThread: Thread started: Thread Group 1-21
2020-04-16 15:31:03,089 INFO o.a.j.t.JMeterThread: Thread started: Thread Group 1-22
2020-04-16 15:31:03,132 INFO o.a.j.t.JMeterThread: Thread started: Thread Group 1-23
2020-04-16 15:31:03,170 INFO o.a.j.t.JMeterThread: Thread started: Thread Group 1-24
2020-04-16 15:31:03,212 INFO o.a.j.t.JMeterThread: Thread started: Thread Group 1-25
2020-04-16 15:31:35,733 INFO o.a.j.t.JMeterThread: Thread is done: Thread Group 1-4
2020-04-16 15:31:35,734 INFO o.a.j.t.JMeterThread: Thread finished: Thread Group 1-4
2020-04-16 15:31:35,755 INFO o.a.j.t.JMeterThread: Thread is done: Thread Group 1-3
2020-04-16 15:31:35,755 INFO o.a.j.t.JMeterThread: Thread finished: Thread Group 1-3
2020-04-16 15:31:35,870 INFO o.a.j.t.JMeterThread: Thread is done: Thread Group 1-2
2020-04-16 15:31:35,871 INFO o.a.j.t.JMeterThread: Thread finished: Thread Group 1-2
2020-04-16 15:31:36,019 INFO o.a.j.t.JMeterThread: Thread is done: Thread Group 1-1
2020-04-16 15:31:36,019 INFO o.a.j.t.JMeterThread: Thread finished: Thread Group 1-1
2020-04-16 15:31:40,069 INFO o.a.j.t.JMeterThread: Thread is done: Thread Group 1-9
2020-04-16 15:31:40,070 INFO o.a.j.t.JMeterThread: Thread finished: Thread Group 1-9
2020-04-16 15:31:44,980 INFO o.a.j.t.JMeterThread: Thread is done: Thread Group 1-19
2020-04-16 15:31:44,981 INFO o.a.j.t.JMeterThread: Thread finished: Thread Group 1-19
2020-04-16 15:31:45,521 INFO o.a.j.t.JMeterThread: Thread is done: Thread Group 1-20
2020-04-16 15:31:45,521 INFO o.a.j.t.JMeterThread: Thread finished: Thread Group 1-20
2020-04-16 15:31:45,790 INFO o.a.j.t.JMeterThread: Thread is done: Thread Group 1-25
2020-04-16 15:31:45,790 INFO o.a.j.t.JMeterThread: Thread finished: Thread Group 1-25
2020-04-16 15:31:46,447 INFO o.a.j.t.JMeterThread: Thread is done: Thread Group 1-6
2020-04-16 15:31:46,447 INFO o.a.j.t.JMeterThread: Thread finished: Thread Group 1-6
2020-04-16 15:31:46,825 INFO o.a.j.t.JMeterThread: Thread is done: Thread Group 1-18
2020-04-16 15:31:46,825 INFO o.a.j.t.JMeterThread: Thread finished: Thread Group 1-18
2020-04-16 15:31:47,419 INFO o.a.j.t.JMeterThread: Thread is done: Thread Group 1-22
2020-04-16 15:31:47,419 INFO o.a.j.t.JMeterThread: Thread finished: Thread Group 1-22
2020-04-16 15:31:48,100 INFO o.a.j.t.JMeterThread: Thread is done: Thread Group 1-17
2020-04-16 15:31:48,100 INFO o.a.j.t.JMeterThread: Thread finished: Thread Group 1-17
2020-04-16 15:31:48,248 INFO o.a.j.t.JMeterThread: Thread is done: Thread Group 1-16
2020-04-16 15:31:48,248 INFO o.a.j.t.JMeterThread: Thread finished: Thread Group 1-16
2020-04-16 15:31:48,962 INFO o.a.j.t.JMeterThread: Thread is done: Thread Group 1-10
2020-04-16 15:31:48,962 INFO o.a.j.t.JMeterThread: Thread finished: Thread Group 1-10
2020-04-16 15:31:49,112 INFO o.a.j.t.JMeterThread: Thread is done: Thread Group 1-11
2020-04-16 15:31:49,112 INFO o.a.j.t.JMeterThread: Thread finished: Thread Group 1-11
2020-04-16 15:31:49,840 INFO o.a.j.t.JMeterThread: Thread is done: Thread Group 1-8
2020-04-16 15:31:49,840 INFO o.a.j.t.JMeterThread: Thread finished: Thread Group 1-8
2020-04-16 15:31:49,943 INFO o.a.j.t.JMeterThread: Thread is done: Thread Group 1-13
2020-04-16 15:31:49,943 INFO o.a.j.t.JMeterThread: Thread finished: Thread Group 1-13
2020-04-16 15:31:50,859 INFO o.a.j.t.JMeterThread: Thread is done: Thread Group 1-5
2020-04-16 15:31:50,859 INFO o.a.j.t.JMeterThread: Thread finished: Thread Group 1-5
2020-04-16 15:31:50,870 INFO o.a.j.t.JMeterThread: Thread is done: Thread Group 1-24
2020-04-16 15:31:50,870 INFO o.a.j.t.JMeterThread: Thread finished: Thread Group 1-24
2020-04-16 15:31:51,040 INFO o.a.j.t.JMeterThread: Thread is done: Thread Group 1-12
2020-04-16 15:31:51,040 INFO o.a.j.t.JMeterThread: Thread finished: Thread Group 1-12
2020-04-16 15:31:51,154 INFO o.a.j.t.JMeterThread: Thread is done: Thread Group 1-23
2020-04-16 15:31:51,154 INFO o.a.j.t.JMeterThread: Thread finished: Thread Group 1-23
2020-04-16 15:31:51,293 INFO o.a.j.t.JMeterThread: Thread is done: Thread Group 1-14
2020-04-16 15:31:51,293 INFO o.a.j.t.JMeterThread: Thread finished: Thread Group 1-14
2020-04-16 15:31:51,476 INFO o.a.j.t.JMeterThread: Thread is done: Thread Group 1-7
2020-04-16 15:31:51,476 INFO o.a.j.t.JMeterThread: Thread finished: Thread Group 1-7
2020-04-16 15:31:51,540 INFO o.a.j.t.JMeterThread: Thread is done: Thread Group 1-15
2020-04-16 15:31:51,540 INFO o.a.j.t.JMeterThread: Thread finished: Thread Group 1-15
2020-04-16 15:31:51,703 INFO o.a.j.t.JMeterThread: Thread is done: Thread Group 1-21
2020-04-16 15:31:51,703 INFO o.a.j.t.JMeterThread: Thread finished: Thread Group 1-21
2020-04-16 15:31:51,785 INFO o.a.j.e.StandardJMeterEngine: Notifying test listeners of end of test
2020-04-16 15:31:51,786 INFO o.a.j.g.u.JMeterMenuBar: setRunning(false, *local*)
2020-04-16 15:34:42,008 INFO o.a.j.e.StandardJMeterEngine: Running the test!
2020-04-16 15:34:42,008 INFO o.a.j.s.SampleEvent: List of sample_variables: []
2020-04-16 15:34:42,009 INFO o.a.j.g.u.JMeterMenuBar: setRunning(true, *local*)
2020-04-16 15:34:42,296 INFO o.a.j.e.StandardJMeterEngine: Starting ThreadGroup: 1 : Thread Group
2020-04-16 15:34:42,296 INFO o.a.j.e.StandardJMeterEngine: Starting 25 threads for group Thread Group.
2020-04-16 15:34:42,296 INFO o.a.j.e.StandardJMeterEngine: Thread will continue on error
2020-04-16 15:34:42,296 INFO o.a.j.t.ThreadGroup: Starting thread group... number=1 threads=25 ramp-up=1 delayedStart=false
2020-04-16 15:34:42,297 INFO o.a.j.t.JMeterThread: Thread started: Thread Group 1-1
2020-04-16 15:34:42,307 INFO o.a.j.t.ThreadGroup: Started thread group number 1
2020-04-16 15:34:42,307 INFO o.a.j.e.StandardJMeterEngine: All thread groups have been started
2020-04-16 15:34:42,340 INFO o.a.j.t.JMeterThread: Thread started: Thread Group 1-2
2020-04-16 15:34:42,381 INFO o.a.j.t.JMeterThread: Thread started: Thread Group 1-3
2020-04-16 15:34:42,420 INFO o.a.j.t.JMeterThread: Thread started: Thread Group 1-4
2020-04-16 15:34:42,457 INFO o.a.j.t.JMeterThread: Thread started: Thread Group 1-5
2020-04-16 15:34:42,498 INFO o.a.j.t.JMeterThread: Thread started: Thread Group 1-6
2020-04-16 15:34:42,539 INFO o.a.j.t.JMeterThread: Thread started: Thread Group 1-7
2020-04-16 15:34:42,578 INFO o.a.j.t.JMeterThread: Thread started: Thread Group 1-8
2020-04-16 15:34:42,616 INFO o.a.j.t.JMeterThread: Thread started: Thread Group 1-9
2020-04-16 15:34:42,660 INFO o.a.j.t.JMeterThread: Thread started: Thread Group 1-10
2020-04-16 15:34:42,698 INFO o.a.j.t.JMeterThread: Thread started: Thread Group 1-11
2020-04-16 15:34:42,736 INFO o.a.j.t.JMeterThread: Thread started: Thread Group 1-12
2020-04-16 15:34:42,779 INFO o.a.j.t.JMeterThread: Thread started: Thread Group 1-13
2020-04-16 15:34:42,820 INFO o.a.j.t.JMeterThread: Thread started: Thread Group 1-14
2020-04-16 15:34:42,865 INFO o.a.j.t.JMeterThread: Thread started: Thread Group 1-15
2020-04-16 15:34:42,899 INFO o.a.j.t.JMeterThread: Thread started: Thread Group 1-16
2020-04-16 15:34:42,941 INFO o.a.j.t.JMeterThread: Thread started: Thread Group 1-17
2020-04-16 15:34:42,979 INFO o.a.j.t.JMeterThread: Thread started: Thread Group 1-18
2020-04-16 15:34:43,018 INFO o.a.j.t.JMeterThread: Thread started: Thread Group 1-19
2020-04-16 15:34:43,059 INFO o.a.j.t.JMeterThread: Thread started: Thread Group 1-20
2020-04-16 15:34:43,100 INFO o.a.j.t.JMeterThread: Thread started: Thread Group 1-21
2020-04-16 15:34:43,137 INFO o.a.j.t.JMeterThread: Thread started: Thread Group 1-22
2020-04-16 15:34:43,177 INFO o.a.j.t.JMeterThread: Thread started: Thread Group 1-23
2020-04-16 15:34:43,216 INFO o.a.j.t.JMeterThread: Thread started: Thread Group 1-24
2020-04-16 15:34:43,257 INFO o.a.j.t.JMeterThread: Thread started: Thread Group 1-25
2020-04-16 15:35:38,210 INFO o.a.j.t.JMeterThread: Thread is done: Thread Group 1-2
2020-04-16 15:35:38,210 INFO o.a.j.t.JMeterThread: Thread finished: Thread Group 1-2
2020-04-16 15:35:44,188 INFO o.a.j.t.JMeterThread: Thread is done: Thread Group 1-13
2020-04-16 15:35:44,188 INFO o.a.j.t.JMeterThread: Thread finished: Thread Group 1-13
2020-04-16 15:35:44,540 INFO o.a.j.t.JMeterThread: Thread is done: Thread Group 1-1
2020-04-16 15:35:44,540 INFO o.a.j.t.JMeterThread: Thread finished: Thread Group 1-1
2020-04-16 15:35:44,643 INFO o.a.j.t.JMeterThread: Thread is done: Thread Group 1-9
2020-04-16 15:35:44,643 INFO o.a.j.t.JMeterThread: Thread finished: Thread Group 1-9
2020-04-16 15:35:45,848 INFO o.a.j.t.JMeterThread: Thread is done: Thread Group 1-20
2020-04-16 15:35:45,848 INFO o.a.j.t.JMeterThread: Thread finished: Thread Group 1-20
2020-04-16 15:35:45,876 INFO o.a.j.t.JMeterThread: Thread is done: Thread Group 1-16
2020-04-16 15:35:45,877 INFO o.a.j.t.JMeterThread: Thread finished: Thread Group 1-16
2020-04-16 15:35:46,001 INFO o.a.j.t.JMeterThread: Thread is done: Thread Group 1-10
2020-04-16 15:35:46,001 INFO o.a.j.t.JMeterThread: Thread finished: Thread Group 1-10
2020-04-16 15:35:47,992 INFO o.a.j.t.JMeterThread: Thread is done: Thread Group 1-19
2020-04-16 15:35:47,992 INFO o.a.j.t.JMeterThread: Thread finished: Thread Group 1-19
2020-04-16 15:35:49,897 INFO o.a.j.t.JMeterThread: Thread is done: Thread Group 1-11
2020-04-16 15:35:49,897 INFO o.a.j.t.JMeterThread: Thread finished: Thread Group 1-11
2020-04-16 15:35:51,410 INFO o.a.j.t.JMeterThread: Thread is done: Thread Group 1-25
2020-04-16 15:35:51,410 INFO o.a.j.t.JMeterThread: Thread finished: Thread Group 1-25
2020-04-16 15:35:51,655 INFO o.a.j.t.JMeterThread: Thread is done: Thread Group 1-12
2020-04-16 15:35:51,655 INFO o.a.j.t.JMeterThread: Thread finished: Thread Group 1-12
2020-04-16 15:35:52,747 INFO o.a.j.t.JMeterThread: Thread is done: Thread Group 1-6
2020-04-16 15:35:52,747 INFO o.a.j.t.JMeterThread: Thread finished: Thread Group 1-6
2020-04-16 15:35:53,039 INFO o.a.j.t.JMeterThread: Thread is done: Thread Group 1-23
2020-04-16 15:35:53,039 INFO o.a.j.t.JMeterThread: Thread finished: Thread Group 1-23
2020-04-16 15:35:54,172 INFO o.a.j.t.JMeterThread: Thread is done: Thread Group 1-17
2020-04-16 15:35:54,172 INFO o.a.j.t.JMeterThread: Thread finished: Thread Group 1-17
2020-04-16 15:35:54,200 INFO o.a.j.t.JMeterThread: Thread is done: Thread Group 1-7
2020-04-16 15:35:54,201 INFO o.a.j.t.JMeterThread: Thread finished: Thread Group 1-7
2020-04-16 15:35:55,029 INFO o.a.j.t.JMeterThread: Thread is done: Thread Group 1-21
2020-04-16 15:35:55,029 INFO o.a.j.t.JMeterThread: Thread finished: Thread Group 1-21
2020-04-16 15:35:55,810 INFO o.a.j.t.JMeterThread: Thread is done: Thread Group 1-14
2020-04-16 15:35:55,810 INFO o.a.j.t.JMeterThread: Thread finished: Thread Group 1-14
2020-04-16 15:35:56,314 INFO o.a.j.t.JMeterThread: Thread is done: Thread Group 1-5
2020-04-16 15:35:56,314 INFO o.a.j.t.JMeterThread: Thread finished: Thread Group 1-5
2020-04-16 15:35:56,495 INFO o.a.j.t.JMeterThread: Thread is done: Thread Group 1-3
2020-04-16 15:35:56,496 INFO o.a.j.t.JMeterThread: Thread finished: Thread Group 1-3
2020-04-16 15:35:57,157 INFO o.a.j.t.JMeterThread: Thread is done: Thread Group 1-15
2020-04-16 15:35:57,157 INFO o.a.j.t.JMeterThread: Thread finished: Thread Group 1-15
2020-04-16 15:35:57,221 INFO o.a.j.t.JMeterThread: Thread is done: Thread Group 1-8
2020-04-16 15:35:57,221 INFO o.a.j.t.JMeterThread: Thread finished: Thread Group 1-8
2020-04-16 15:35:57,505 INFO o.a.j.t.JMeterThread: Thread is done: Thread Group 1-4
2020-04-16 15:35:57,505 INFO o.a.j.t.JMeterThread: Thread finished: Thread Group 1-4
2020-04-16 15:35:57,683 INFO o.a.j.t.JMeterThread: Thread is done: Thread Group 1-18
2020-04-16 15:35:57,683 INFO o.a.j.t.JMeterThread: Thread finished: Thread Group 1-18
2020-04-16 15:35:57,886 INFO o.a.j.t.JMeterThread: Thread is done: Thread Group 1-24
2020-04-16 15:35:57,886 INFO o.a.j.t.JMeterThread: Thread finished: Thread Group 1-24
2020-04-16 15:35:58,217 INFO o.a.j.t.JMeterThread: Thread is done: Thread Group 1-22
2020-04-16 15:35:58,217 INFO o.a.j.t.JMeterThread: Thread finished: Thread Group 1-22
2020-04-16 15:35:58,304 INFO o.a.j.e.StandardJMeterEngine: Notifying test listeners of end of test
2020-04-16 15:35:58,305 INFO o.a.j.g.u.JMeterMenuBar: setRunning(false, *local*)
