2020-04-06 21:56:32,605 INFO o.a.j.u.JMeterUtils: Setting Locale to en_EN
2020-04-06 21:56:32,619 INFO o.a.j.JMeter: Loading user properties from: /usr/local/Cellar/jmeter/5.2.1/libexec/bin/user.properties
2020-04-06 21:56:32,619 INFO o.a.j.JMeter: Loading system properties from: /usr/local/Cellar/jmeter/5.2.1/libexec/bin/system.properties
2020-04-06 21:56:32,620 INFO o.a.j.JMeter: Copyright (c) 1998-2019 The Apache Software Foundation
2020-04-06 21:56:32,620 INFO o.a.j.JMeter: Version 5.2.1
2020-04-06 21:56:32,621 INFO o.a.j.JMeter: java.version=1.8.0_222
2020-04-06 21:56:32,621 INFO o.a.j.JMeter: java.vm.name=OpenJDK 64-Bit Server VM
2020-04-06 21:56:32,621 INFO o.a.j.JMeter: os.name=Mac OS X
2020-04-06 21:56:32,621 INFO o.a.j.JMeter: os.arch=x86_64
2020-04-06 21:56:32,621 INFO o.a.j.JMeter: os.version=10.15.3
2020-04-06 21:56:32,621 INFO o.a.j.JMeter: file.encoding=UTF-8
2020-04-06 21:56:32,621 INFO o.a.j.JMeter: java.awt.headless=null
2020-04-06 21:56:32,621 INFO o.a.j.JMeter: Max memory     =1073741824
2020-04-06 21:56:32,621 INFO o.a.j.JMeter: Available Processors =16
2020-04-06 21:56:32,624 INFO o.a.j.JMeter: Default Locale=English (EN)
2020-04-06 21:56:32,624 INFO o.a.j.JMeter: JMeter  Locale=English (EN)
2020-04-06 21:56:32,624 INFO o.a.j.JMeter: JMeterHome=/usr/local/Cellar/jmeter/5.2.1/libexec
2020-04-06 21:56:32,624 INFO o.a.j.JMeter: user.dir  =/Users/sai/Fourth_Year/Fall/Capstone/Technical/architecture-analysis
2020-04-06 21:56:32,624 INFO o.a.j.JMeter: PWD       =/Users/sai/Fourth_Year/Fall/Capstone/Technical/architecture-analysis
2020-04-06 21:56:32,636 INFO o.a.j.JMeter: IP: 10.0.0.4 Name: Sais-MacBook-Pro.local FullName: 10.0.0.4
2020-04-06 21:56:34,561 INFO o.a.j.g.a.LookAndFeelCommand: Installing Darcula LAF
2020-04-06 21:56:34,573 INFO o.a.j.g.a.LookAndFeelCommand: Using look and feel: com.bulenkov.darcula.DarculaLaf [Darcula]
2020-04-06 21:56:34,573 INFO o.a.j.JMeter: Setting LAF to: com.bulenkov.darcula.DarculaLaf
2020-04-06 21:56:34,628 INFO o.a.j.JMeter: Loaded icon properties from org/apache/jmeter/images/icon.properties
2020-04-06 21:56:35,226 INFO o.j.r.JARSourceHTTP: Found cached repo
2020-04-06 21:56:35,378 INFO o.j.r.PluginManager: Plugins Status: [jpgc-graphs-basic=2.0, jpgc-functions=2.1, jpgc-casutg=2.9, jpgc-dummy=0.4, jpgc-ffw=2.0, jpgc-fifo=0.2, jpgc-perfmon=2.1, jpgc-plugins-manager=1.3, jpgc-webdriver=3.1, jpgc-tst=2.5, jmeter-core=5.2.1, jmeter-ftp=5.2.1, jmeter-http=5.2.1, jmeter-jdbc=5.2.1, jmeter-jms=5.2.1, jmeter-junit=5.2.1, jmeter-java=5.2.1, jmeter-ldap=5.2.1, jmeter-mail=5.2.1, jmeter-mongodb=5.2.1, jmeter-native=5.2.1, jmeter-tcp=5.2.1, jmeter-components=5.2.1, jpgc-standard=2.0]
2020-04-06 21:56:36,960 INFO o.a.j.p.h.s.HTTPSamplerBase: Parser for text/html is org.apache.jmeter.protocol.http.parser.LagartoBasedHtmlParser
2020-04-06 21:56:36,960 INFO o.a.j.p.h.s.HTTPSamplerBase: Parser for application/xhtml+xml is org.apache.jmeter.protocol.http.parser.LagartoBasedHtmlParser
2020-04-06 21:56:36,960 INFO o.a.j.p.h.s.HTTPSamplerBase: Parser for application/xml is org.apache.jmeter.protocol.http.parser.LagartoBasedHtmlParser
2020-04-06 21:56:36,960 INFO o.a.j.p.h.s.HTTPSamplerBase: Parser for text/xml is org.apache.jmeter.protocol.http.parser.LagartoBasedHtmlParser
2020-04-06 21:56:36,960 INFO o.a.j.p.h.s.HTTPSamplerBase: Parser for text/vnd.wap.wml is org.apache.jmeter.protocol.http.parser.RegexpHTMLParser
2020-04-06 21:56:36,960 INFO o.a.j.p.h.s.HTTPSamplerBase: Parser for text/css is org.apache.jmeter.protocol.http.parser.CssParser
2020-04-06 21:56:37,164 INFO o.a.j.e.KeyToolUtils: keytool found at 'keytool'
2020-04-06 21:56:37,164 INFO o.a.j.p.h.p.ProxyControl: HTTP(S) Test Script Recorder SSL Proxy will use keys that support embedded 3rd party resources in file /usr/local/Cellar/jmeter/5.2.1/libexec/bin/proxyserver.jks
2020-04-06 21:56:37,276 INFO o.a.j.s.FileServer: Default base='/Users/sai/Fourth_Year/Fall/Capstone/Technical/architecture-analysis'
2020-04-06 21:56:37,468 INFO o.a.j.s.SampleResult: Note: Sample TimeStamps are START times
2020-04-06 21:56:37,468 INFO o.a.j.s.SampleResult: sampleresult.default.encoding is set to ISO-8859-1
2020-04-06 21:56:37,468 INFO o.a.j.s.SampleResult: sampleresult.useNanoTime=true
2020-04-06 21:56:37,468 INFO o.a.j.s.SampleResult: sampleresult.nanoThreadSleep=5000
2020-04-06 21:56:37,485 INFO o.a.j.v.ViewResultsFullVisualizer: Add JavaFX to your Java installation if you want to use renderer: org.apache.jmeter.visualizers.RenderInBrowser
2020-04-06 22:06:07,145 INFO o.a.j.s.FileServer: Set new base='/Users/sai/Fourth_Year/Fall/Capstone/Technical/architecture-analysis/test'
2020-04-06 22:06:07,320 INFO o.a.j.s.SaveService: Testplan (JMX) version: 2.2. Testlog (JTL) version: 2.2
2020-04-06 22:06:07,326 INFO o.a.j.s.SaveService: Using SaveService properties file encoding UTF-8
2020-04-06 22:06:07,327 INFO o.a.j.s.SaveService: Using SaveService properties version 5.0
2020-04-06 22:06:43,847 INFO o.a.j.e.StandardJMeterEngine: Running the test!
2020-04-06 22:06:43,848 INFO o.a.j.s.SampleEvent: List of sample_variables: []
2020-04-06 22:06:43,848 INFO o.a.j.s.SampleEvent: List of sample_variables: []
2020-04-06 22:06:43,849 INFO o.a.j.e.u.CompoundVariable: Note: Function class names must contain the string: '.functions.'
2020-04-06 22:06:43,849 INFO o.a.j.e.u.CompoundVariable: Note: Function class names must not contain the string: '.gui.'
2020-04-06 22:06:44,087 INFO o.a.j.g.u.JMeterMenuBar: setRunning(true, *local*)
2020-04-06 22:06:44,238 INFO o.a.j.e.StandardJMeterEngine: Starting ThreadGroup: 1 : Thread Group
2020-04-06 22:06:44,239 INFO o.a.j.e.StandardJMeterEngine: Starting 1 threads for group Thread Group.
2020-04-06 22:06:44,239 INFO o.a.j.e.StandardJMeterEngine: Thread will continue on error
2020-04-06 22:06:44,240 INFO o.a.j.t.ThreadGroup: Starting thread group... number=1 threads=1 ramp-up=1 delayedStart=false
2020-04-06 22:06:44,244 INFO o.a.j.t.ThreadGroup: Started thread group number 1
2020-04-06 22:06:44,244 INFO o.a.j.e.StandardJMeterEngine: All thread groups have been started
2020-04-06 22:06:44,246 INFO o.a.j.t.JMeterThread: Thread started: Thread Group 1-1
2020-04-06 22:06:44,264 ERROR o.a.j.t.JMeterThread: Error calling threadStarted
java.lang.IllegalStateException: The driver executable does not exist: /Users/sai/Fourth_Year/Fall/Capstone/Technical/architecture-analysis
	at com.google.common.base.Preconditions.checkState(Preconditions.java:585) ~[guava-25.0-jre.jar:?]
	at org.openqa.selenium.remote.service.DriverService.checkExecutable(DriverService.java:137) ~[selenium-remote-driver-3.14.0.jar:?]
	at org.openqa.selenium.remote.service.DriverService$Builder.usingDriverExecutable(DriverService.java:272) ~[selenium-remote-driver-3.14.0.jar:?]
	at com.googlecode.jmeter.plugins.webdriver.config.ChromeDriverConfig.getThreadService(ChromeDriverConfig.java:92) ~[jmeter-plugins-webdriver-3.1.jar:?]
	at com.googlecode.jmeter.plugins.webdriver.config.ChromeDriverConfig.createBrowser(ChromeDriverConfig.java:73) ~[jmeter-plugins-webdriver-3.1.jar:?]
	at com.googlecode.jmeter.plugins.webdriver.config.ChromeDriverConfig.createBrowser(ChromeDriverConfig.java:21) ~[jmeter-plugins-webdriver-3.1.jar:?]
	at com.googlecode.jmeter.plugins.webdriver.config.WebDriverConfig.getPreparedBrowser(WebDriverConfig.java:233) ~[jmeter-plugins-webdriver-3.1.jar:?]
	at com.googlecode.jmeter.plugins.webdriver.config.WebDriverConfig.threadStarted(WebDriverConfig.java:220) ~[jmeter-plugins-webdriver-3.1.jar:?]
	at org.apache.jmeter.threads.JMeterThread$ThreadListenerTraverser.addNode(JMeterThread.java:768) [ApacheJMeter_core.jar:?]
	at org.apache.jorphan.collections.HashTree.traverseInto(HashTree.java:994) [jorphan.jar:5.2.1]
	at org.apache.jorphan.collections.HashTree.traverse(HashTree.java:977) [jorphan.jar:5.2.1]
	at org.apache.jmeter.threads.JMeterThread.threadStarted(JMeterThread.java:736) [ApacheJMeter_core.jar:?]
	at org.apache.jmeter.threads.JMeterThread.initRun(JMeterThread.java:724) [ApacheJMeter_core.jar:?]
	at org.apache.jmeter.threads.JMeterThread.run(JMeterThread.java:253) [ApacheJMeter_core.jar:?]
	at java.lang.Thread.run(Thread.java:748) [?:1.8.0_222]
2020-04-06 22:06:44,269 ERROR o.a.j.t.JMeterThread: Error while processing sampler: 'jp@gc - WebDriver Sampler'.
java.lang.IllegalArgumentException: Browser has not been configured.  Please ensure at least 1 WebDriverConfig is created for a ThreadGroup.
	at com.googlecode.jmeter.plugins.webdriver.sampler.WebDriverSampler.sample(WebDriverSampler.java:62) ~[jmeter-plugins-webdriver-3.1.jar:?]
	at org.apache.jmeter.threads.JMeterThread.doSampling(JMeterThread.java:627) ~[ApacheJMeter_core.jar:?]
	at org.apache.jmeter.threads.JMeterThread.executeSamplePackage(JMeterThread.java:551) ~[ApacheJMeter_core.jar:?]
	at org.apache.jmeter.threads.JMeterThread.processSampler(JMeterThread.java:490) [ApacheJMeter_core.jar:?]
	at org.apache.jmeter.threads.JMeterThread.run(JMeterThread.java:257) [ApacheJMeter_core.jar:?]
	at java.lang.Thread.run(Thread.java:748) [?:1.8.0_222]
2020-04-06 22:06:44,269 INFO o.a.j.t.JMeterThread: Thread is done: Thread Group 1-1
2020-04-06 22:06:44,270 INFO o.a.j.t.JMeterThread: Thread finished: Thread Group 1-1
2020-04-06 22:06:44,270 INFO o.a.j.e.StandardJMeterEngine: Notifying test listeners of end of test
2020-04-06 22:06:44,270 INFO o.a.j.g.u.JMeterMenuBar: setRunning(false, *local*)
2020-04-06 22:07:29,493 INFO o.a.j.e.StandardJMeterEngine: Running the test!
2020-04-06 22:07:29,493 INFO o.a.j.s.SampleEvent: List of sample_variables: []
2020-04-06 22:07:29,495 INFO o.a.j.g.u.JMeterMenuBar: setRunning(true, *local*)
2020-04-06 22:07:29,598 INFO o.a.j.e.StandardJMeterEngine: Starting ThreadGroup: 1 : Thread Group
2020-04-06 22:07:29,598 INFO o.a.j.e.StandardJMeterEngine: Starting 1 threads for group Thread Group.
2020-04-06 22:07:29,598 INFO o.a.j.e.StandardJMeterEngine: Thread will continue on error
2020-04-06 22:07:29,598 INFO o.a.j.t.ThreadGroup: Starting thread group... number=1 threads=1 ramp-up=1 delayedStart=false
2020-04-06 22:07:29,599 INFO o.a.j.t.ThreadGroup: Started thread group number 1
2020-04-06 22:07:29,600 INFO o.a.j.e.StandardJMeterEngine: All thread groups have been started
2020-04-06 22:07:29,600 INFO o.a.j.t.JMeterThread: Thread started: Thread Group 1-1
2020-04-06 22:07:29,600 ERROR o.a.j.t.JMeterThread: Error calling threadStarted
java.lang.IllegalStateException: The driver executable does not exist: /Users/sai/Fourth_Year/Fall/Capstone/Technical/architecture-analysis
	at com.google.common.base.Preconditions.checkState(Preconditions.java:585) ~[guava-25.0-jre.jar:?]
	at org.openqa.selenium.remote.service.DriverService.checkExecutable(DriverService.java:137) ~[selenium-remote-driver-3.14.0.jar:?]
	at org.openqa.selenium.remote.service.DriverService$Builder.usingDriverExecutable(DriverService.java:272) ~[selenium-remote-driver-3.14.0.jar:?]
	at com.googlecode.jmeter.plugins.webdriver.config.ChromeDriverConfig.getThreadService(ChromeDriverConfig.java:92) ~[jmeter-plugins-webdriver-3.1.jar:?]
	at com.googlecode.jmeter.plugins.webdriver.config.ChromeDriverConfig.createBrowser(ChromeDriverConfig.java:73) ~[jmeter-plugins-webdriver-3.1.jar:?]
	at com.googlecode.jmeter.plugins.webdriver.config.ChromeDriverConfig.createBrowser(ChromeDriverConfig.java:21) ~[jmeter-plugins-webdriver-3.1.jar:?]
	at com.googlecode.jmeter.plugins.webdriver.config.WebDriverConfig.getPreparedBrowser(WebDriverConfig.java:233) ~[jmeter-plugins-webdriver-3.1.jar:?]
	at com.googlecode.jmeter.plugins.webdriver.config.WebDriverConfig.threadStarted(WebDriverConfig.java:220) ~[jmeter-plugins-webdriver-3.1.jar:?]
	at org.apache.jmeter.threads.JMeterThread$ThreadListenerTraverser.addNode(JMeterThread.java:768) [ApacheJMeter_core.jar:?]
	at org.apache.jorphan.collections.HashTree.traverseInto(HashTree.java:994) [jorphan.jar:5.2.1]
	at org.apache.jorphan.collections.HashTree.traverse(HashTree.java:977) [jorphan.jar:5.2.1]
	at org.apache.jmeter.threads.JMeterThread.threadStarted(JMeterThread.java:736) [ApacheJMeter_core.jar:?]
	at org.apache.jmeter.threads.JMeterThread.initRun(JMeterThread.java:724) [ApacheJMeter_core.jar:?]
	at org.apache.jmeter.threads.JMeterThread.run(JMeterThread.java:253) [ApacheJMeter_core.jar:?]
	at java.lang.Thread.run(Thread.java:748) [?:1.8.0_222]
2020-04-06 22:07:29,601 ERROR o.a.j.t.JMeterThread: Error while processing sampler: 'jp@gc - WebDriver Sampler'.
java.lang.IllegalArgumentException: Browser has not been configured.  Please ensure at least 1 WebDriverConfig is created for a ThreadGroup.
	at com.googlecode.jmeter.plugins.webdriver.sampler.WebDriverSampler.sample(WebDriverSampler.java:62) ~[jmeter-plugins-webdriver-3.1.jar:?]
	at org.apache.jmeter.threads.JMeterThread.doSampling(JMeterThread.java:627) ~[ApacheJMeter_core.jar:?]
	at org.apache.jmeter.threads.JMeterThread.executeSamplePackage(JMeterThread.java:551) ~[ApacheJMeter_core.jar:?]
	at org.apache.jmeter.threads.JMeterThread.processSampler(JMeterThread.java:490) [ApacheJMeter_core.jar:?]
	at org.apache.jmeter.threads.JMeterThread.run(JMeterThread.java:257) [ApacheJMeter_core.jar:?]
	at java.lang.Thread.run(Thread.java:748) [?:1.8.0_222]
2020-04-06 22:07:29,601 INFO o.a.j.t.JMeterThread: Thread is done: Thread Group 1-1
2020-04-06 22:07:29,601 INFO o.a.j.t.JMeterThread: Thread finished: Thread Group 1-1
2020-04-06 22:07:29,601 INFO o.a.j.e.StandardJMeterEngine: Notifying test listeners of end of test
2020-04-06 22:07:29,601 INFO o.a.j.g.u.JMeterMenuBar: setRunning(false, *local*)
2020-04-06 22:09:01,772 INFO o.a.j.e.StandardJMeterEngine: Running the test!
2020-04-06 22:09:01,773 INFO o.a.j.s.SampleEvent: List of sample_variables: []
2020-04-06 22:09:01,774 INFO o.a.j.g.u.JMeterMenuBar: setRunning(true, *local*)
2020-04-06 22:09:01,872 INFO o.a.j.e.StandardJMeterEngine: Starting ThreadGroup: 1 : Thread Group
2020-04-06 22:09:01,873 INFO o.a.j.e.StandardJMeterEngine: Starting 1 threads for group Thread Group.
2020-04-06 22:09:01,873 INFO o.a.j.e.StandardJMeterEngine: Thread will continue on error
2020-04-06 22:09:01,873 INFO o.a.j.t.ThreadGroup: Starting thread group... number=1 threads=1 ramp-up=1 delayedStart=false
2020-04-06 22:09:01,875 INFO o.a.j.t.ThreadGroup: Started thread group number 1
2020-04-06 22:09:01,875 INFO o.a.j.e.StandardJMeterEngine: All thread groups have been started
2020-04-06 22:09:01,875 INFO o.a.j.t.JMeterThread: Thread started: Thread Group 1-1
2020-04-06 22:09:01,962 ERROR o.a.j.t.JMeterThread: Error calling threadStarted
org.openqa.selenium.WebDriverException: Cannot find firefox binary in PATH. Make sure firefox is installed. OS appears to be: MAC
Build info: version: '3.14.0', revision: 'aacccce0', time: '2018-08-02T20:19:58.91Z'
System info: host: 'Sais-MacBook-Pro.local', ip: 'fe80:0:0:0:14c3:ca9f:f9a5:c010%en0', os.name: 'Mac OS X', os.arch: 'x86_64', os.version: '10.15.3', java.version: '1.8.0_222'
Driver info: driver.version: unknown
	at org.openqa.selenium.firefox.FirefoxBinary.<init>(FirefoxBinary.java:116) ~[selenium-firefox-driver-3.14.0.jar:?]
	at com.googlecode.jmeter.plugins.webdriver.config.FirefoxDriverConfig.createBrowser(FirefoxDriverConfig.java:99) ~[jmeter-plugins-webdriver-3.1.jar:?]
	at com.googlecode.jmeter.plugins.webdriver.config.FirefoxDriverConfig.createBrowser(FirefoxDriverConfig.java:22) ~[jmeter-plugins-webdriver-3.1.jar:?]
	at com.googlecode.jmeter.plugins.webdriver.config.WebDriverConfig.getPreparedBrowser(WebDriverConfig.java:233) ~[jmeter-plugins-webdriver-3.1.jar:?]
	at com.googlecode.jmeter.plugins.webdriver.config.WebDriverConfig.threadStarted(WebDriverConfig.java:220) ~[jmeter-plugins-webdriver-3.1.jar:?]
	at org.apache.jmeter.threads.JMeterThread$ThreadListenerTraverser.addNode(JMeterThread.java:768) [ApacheJMeter_core.jar:?]
	at org.apache.jorphan.collections.HashTree.traverseInto(HashTree.java:994) [jorphan.jar:5.2.1]
	at org.apache.jorphan.collections.HashTree.traverse(HashTree.java:977) [jorphan.jar:5.2.1]
	at org.apache.jmeter.threads.JMeterThread.threadStarted(JMeterThread.java:736) [ApacheJMeter_core.jar:?]
	at org.apache.jmeter.threads.JMeterThread.initRun(JMeterThread.java:724) [ApacheJMeter_core.jar:?]
	at org.apache.jmeter.threads.JMeterThread.run(JMeterThread.java:253) [ApacheJMeter_core.jar:?]
	at java.lang.Thread.run(Thread.java:748) [?:1.8.0_222]
2020-04-06 22:09:01,964 ERROR o.a.j.t.JMeterThread: Error while processing sampler: 'jp@gc - WebDriver Sampler'.
java.lang.IllegalArgumentException: Browser has not been configured.  Please ensure at least 1 WebDriverConfig is created for a ThreadGroup.
	at com.googlecode.jmeter.plugins.webdriver.sampler.WebDriverSampler.sample(WebDriverSampler.java:62) ~[jmeter-plugins-webdriver-3.1.jar:?]
	at org.apache.jmeter.threads.JMeterThread.doSampling(JMeterThread.java:627) ~[ApacheJMeter_core.jar:?]
	at org.apache.jmeter.threads.JMeterThread.executeSamplePackage(JMeterThread.java:551) ~[ApacheJMeter_core.jar:?]
	at org.apache.jmeter.threads.JMeterThread.processSampler(JMeterThread.java:490) [ApacheJMeter_core.jar:?]
	at org.apache.jmeter.threads.JMeterThread.run(JMeterThread.java:257) [ApacheJMeter_core.jar:?]
	at java.lang.Thread.run(Thread.java:748) [?:1.8.0_222]
2020-04-06 22:09:01,964 INFO o.a.j.t.JMeterThread: Thread is done: Thread Group 1-1
2020-04-06 22:09:01,964 INFO o.a.j.t.JMeterThread: Thread finished: Thread Group 1-1
2020-04-06 22:09:01,964 INFO o.a.j.e.StandardJMeterEngine: Notifying test listeners of end of test
2020-04-06 22:09:01,965 INFO o.a.j.g.u.JMeterMenuBar: setRunning(false, *local*)
