2020-04-26 02:21:51,013 INFO o.a.j.u.JMeterUtils: Setting Locale to en_EN
2020-04-26 02:21:51,081 INFO o.a.j.JMeter: Loading user properties from: /usr/local/Cellar/jmeter/5.2.1/libexec/bin/user.properties
2020-04-26 02:21:51,082 INFO o.a.j.JMeter: Loading system properties from: /usr/local/Cellar/jmeter/5.2.1/libexec/bin/system.properties
2020-04-26 02:21:51,086 INFO o.a.j.JMeter: Copyright (c) 1998-2019 The Apache Software Foundation
2020-04-26 02:21:51,086 INFO o.a.j.JMeter: Version 5.2.1
2020-04-26 02:21:51,087 INFO o.a.j.JMeter: java.version=14.0.1
2020-04-26 02:21:51,087 INFO o.a.j.JMeter: java.vm.name=OpenJDK 64-Bit Server VM
2020-04-26 02:21:51,087 INFO o.a.j.JMeter: os.name=Mac OS X
2020-04-26 02:21:51,087 INFO o.a.j.JMeter: os.arch=x86_64
2020-04-26 02:21:51,087 INFO o.a.j.JMeter: os.version=10.15.2
2020-04-26 02:21:51,087 INFO o.a.j.JMeter: file.encoding=UTF-8
2020-04-26 02:21:51,087 INFO o.a.j.JMeter: java.awt.headless=null
2020-04-26 02:21:51,087 INFO o.a.j.JMeter: Max memory     =1073741824
2020-04-26 02:21:51,087 INFO o.a.j.JMeter: Available Processors =4
2020-04-26 02:21:51,098 INFO o.a.j.JMeter: Default Locale=English (EN)
2020-04-26 02:21:51,098 INFO o.a.j.JMeter: JMeter  Locale=English (EN)
2020-04-26 02:21:51,098 INFO o.a.j.JMeter: JMeterHome=/usr/local/Cellar/jmeter/5.2.1/libexec
2020-04-26 02:21:51,098 INFO o.a.j.JMeter: user.dir  =/Users/vinny/Documents/2020SpringSem/architecture-analysis/cqrs
2020-04-26 02:21:51,099 INFO o.a.j.JMeter: PWD       =/Users/vinny/Documents/2020SpringSem/architecture-analysis/cqrs
2020-04-26 02:21:51,103 INFO o.a.j.JMeter: IP: 192.168.1.17 Name: Vineeths-MBP.home FullName: vineeths-mbp.home
2020-04-26 02:21:52,479 INFO o.a.j.g.a.LookAndFeelCommand: Installing Darcula LAF
2020-04-26 02:21:52,487 INFO o.a.j.g.a.LookAndFeelCommand: Using look and feel: com.bulenkov.darcula.DarculaLaf [Darcula]
2020-04-26 02:21:52,487 INFO o.a.j.JMeter: Setting LAF to: com.bulenkov.darcula.DarculaLaf
2020-04-26 02:21:52,591 INFO o.a.j.JMeter: Loaded icon properties from org/apache/jmeter/images/icon.properties
2020-04-26 02:21:53,433 INFO o.j.r.JARSourceHTTP: Found cached repo
2020-04-26 02:21:53,634 INFO o.j.r.PluginManager: Plugins Status: [jpgc-plugins-manager=1.3, jpgc-webdriver=3.1, jmeter-core=5.2.1, jmeter-ftp=5.2.1, jmeter-http=5.2.1, jmeter-jdbc=5.2.1, jmeter-jms=5.2.1, jmeter-junit=5.2.1, jmeter-java=5.2.1, jmeter-ldap=5.2.1, jmeter-mail=5.2.1, jmeter-mongodb=5.2.1, jmeter-native=5.2.1, jmeter-tcp=5.2.1, jmeter-components=5.2.1]
2020-04-26 02:21:53,636 INFO o.j.r.PluginManagerMenuItem: Plugins Manager has upgrades: [jpgc-plugins-manager]
2020-04-26 02:21:53,876 INFO o.a.j.JMeter: Loading file: /Users/vinny/Documents/2020SpringSem/architecture-analysis/test/Scenario1.jmx
2020-04-26 02:21:53,885 INFO o.a.j.s.FileServer: Default base='/Users/vinny/Documents/2020SpringSem/architecture-analysis/cqrs'
2020-04-26 02:21:53,887 INFO o.a.j.s.FileServer: Set new base='/Users/vinny/Documents/2020SpringSem/architecture-analysis/test'
2020-04-26 02:21:54,169 INFO o.a.j.s.SaveService: Testplan (JMX) version: 2.2. Testlog (JTL) version: 2.2
2020-04-26 02:21:54,180 INFO o.a.j.s.SaveService: Using SaveService properties version 5.0
2020-04-26 02:21:54,181 INFO o.a.j.s.SaveService: Using SaveService properties file encoding UTF-8
2020-04-26 02:21:54,184 INFO o.a.j.s.SaveService: Loading file: /Users/vinny/Documents/2020SpringSem/architecture-analysis/test/Scenario1.jmx
2020-04-26 02:21:54,406 INFO o.a.j.s.SampleResult: Note: Sample TimeStamps are START times
2020-04-26 02:21:54,407 INFO o.a.j.s.SampleResult: sampleresult.default.encoding is set to ISO-8859-1
2020-04-26 02:21:54,407 INFO o.a.j.s.SampleResult: sampleresult.useNanoTime=true
2020-04-26 02:21:54,407 INFO o.a.j.s.SampleResult: sampleresult.nanoThreadSleep=5000
2020-04-26 02:21:54,581 INFO o.a.j.s.FileServer: Set new base='/Users/vinny/Documents/2020SpringSem/architecture-analysis/test'
2020-04-26 02:21:55,536 INFO o.a.j.p.h.s.HTTPSamplerBase: Parser for text/html is org.apache.jmeter.protocol.http.parser.LagartoBasedHtmlParser
2020-04-26 02:21:55,536 INFO o.a.j.p.h.s.HTTPSamplerBase: Parser for application/xhtml+xml is org.apache.jmeter.protocol.http.parser.LagartoBasedHtmlParser
2020-04-26 02:21:55,536 INFO o.a.j.p.h.s.HTTPSamplerBase: Parser for application/xml is org.apache.jmeter.protocol.http.parser.LagartoBasedHtmlParser
2020-04-26 02:21:55,537 INFO o.a.j.p.h.s.HTTPSamplerBase: Parser for text/xml is org.apache.jmeter.protocol.http.parser.LagartoBasedHtmlParser
2020-04-26 02:21:55,537 INFO o.a.j.p.h.s.HTTPSamplerBase: Parser for text/vnd.wap.wml is org.apache.jmeter.protocol.http.parser.RegexpHTMLParser
2020-04-26 02:21:55,537 INFO o.a.j.p.h.s.HTTPSamplerBase: Parser for text/css is org.apache.jmeter.protocol.http.parser.CssParser
2020-04-26 02:21:55,992 INFO o.a.j.e.KeyToolUtils: keytool found at 'keytool'
2020-04-26 02:21:55,993 INFO o.a.j.p.h.p.ProxyControl: HTTP(S) Test Script Recorder SSL Proxy will use keys that support embedded 3rd party resources in file /usr/local/Cellar/jmeter/5.2.1/libexec/bin/proxyserver.jks
2020-04-26 02:21:56,643 INFO o.a.j.v.ViewResultsFullVisualizer: Add JavaFX to your Java installation if you want to use renderer: org.apache.jmeter.visualizers.RenderInBrowser
2020-04-26 02:26:08,672 INFO o.a.j.e.StandardJMeterEngine: Running the test!
2020-04-26 02:26:08,675 INFO o.a.j.s.SampleEvent: List of sample_variables: []
2020-04-26 02:26:08,675 INFO o.a.j.s.SampleEvent: List of sample_variables: []
2020-04-26 02:26:08,681 INFO o.a.j.e.u.CompoundVariable: Note: Function class names must contain the string: '.functions.'
2020-04-26 02:26:08,682 INFO o.a.j.e.u.CompoundVariable: Note: Function class names must not contain the string: '.gui.'
2020-04-26 02:26:09,169 WARN o.a.j.r.ResultCollector: Error creating directories for /Users/sai/Fourth_Year/Fall/Capstone/Technical/architecture-analysis/test
2020-04-26 02:26:09,170 INFO o.a.j.g.u.JMeterMenuBar: setRunning(true, *local*)
2020-04-26 02:26:09,251 INFO o.a.j.e.StandardJMeterEngine: Starting ThreadGroup: 1 : Thread Group
2020-04-26 02:26:09,252 INFO o.a.j.e.StandardJMeterEngine: Starting 2 threads for group Thread Group.
2020-04-26 02:26:09,253 INFO o.a.j.e.StandardJMeterEngine: Thread will continue on error
2020-04-26 02:26:09,253 INFO o.a.j.t.ThreadGroup: Starting thread group... number=1 threads=2 ramp-up=1 delayedStart=false
2020-04-26 02:26:09,261 INFO o.a.j.t.JMeterThread: Thread started: Thread Group 1-1
2020-04-26 02:26:09,263 INFO o.a.j.t.ThreadGroup: Started thread group number 1
2020-04-26 02:26:09,303 INFO o.a.j.e.StandardJMeterEngine: All thread groups have been started
2020-04-26 02:26:09,798 INFO o.a.j.t.JMeterThread: Thread started: Thread Group 1-2
2020-04-26 02:26:25,122 INFO o.a.j.t.JMeterThread: Thread is done: Thread Group 1-1
2020-04-26 02:26:25,123 INFO o.a.j.t.JMeterThread: Thread finished: Thread Group 1-1
2020-04-26 02:26:25,638 INFO o.a.j.t.JMeterThread: Thread is done: Thread Group 1-2
2020-04-26 02:26:25,639 INFO o.a.j.t.JMeterThread: Thread finished: Thread Group 1-2
2020-04-26 02:26:25,920 INFO o.a.j.e.StandardJMeterEngine: Notifying test listeners of end of test
2020-04-26 02:26:25,920 INFO o.a.j.g.u.JMeterMenuBar: setRunning(false, *local*)
2020-04-26 02:27:38,851 INFO o.a.j.e.StandardJMeterEngine: Running the test!
2020-04-26 02:27:38,852 INFO o.a.j.s.SampleEvent: List of sample_variables: []
2020-04-26 02:27:38,859 WARN o.a.j.r.ResultCollector: Error creating directories for /Users/sai/Fourth_Year/Fall/Capstone/Technical/architecture-analysis/test
2020-04-26 02:27:38,860 INFO o.a.j.g.u.JMeterMenuBar: setRunning(true, *local*)
2020-04-26 02:27:38,959 INFO o.a.j.e.StandardJMeterEngine: Starting ThreadGroup: 1 : Thread Group
2020-04-26 02:27:38,960 INFO o.a.j.e.StandardJMeterEngine: Starting 15 threads for group Thread Group.
2020-04-26 02:27:38,960 INFO o.a.j.e.StandardJMeterEngine: Thread will continue on error
2020-04-26 02:27:38,960 INFO o.a.j.t.ThreadGroup: Starting thread group... number=1 threads=15 ramp-up=1 delayedStart=false
2020-04-26 02:27:38,966 INFO o.a.j.t.JMeterThread: Thread started: Thread Group 1-1
2020-04-26 02:27:39,043 INFO o.a.j.t.ThreadGroup: Started thread group number 1
2020-04-26 02:27:39,043 INFO o.a.j.e.StandardJMeterEngine: All thread groups have been started
2020-04-26 02:27:39,055 INFO o.a.j.t.JMeterThread: Thread started: Thread Group 1-2
2020-04-26 02:27:39,119 INFO o.a.j.t.JMeterThread: Thread started: Thread Group 1-3
2020-04-26 02:27:39,183 INFO o.a.j.t.JMeterThread: Thread started: Thread Group 1-4
2020-04-26 02:27:39,244 INFO o.a.j.t.JMeterThread: Thread started: Thread Group 1-5
2020-04-26 02:27:39,301 INFO o.a.j.t.JMeterThread: Thread started: Thread Group 1-6
2020-04-26 02:27:39,412 INFO o.a.j.t.JMeterThread: Thread started: Thread Group 1-7
2020-04-26 02:27:39,523 INFO o.a.j.t.JMeterThread: Thread started: Thread Group 1-8
2020-04-26 02:27:39,537 INFO o.a.j.t.JMeterThread: Thread started: Thread Group 1-9
2020-04-26 02:27:39,615 INFO o.a.j.t.JMeterThread: Thread started: Thread Group 1-10
2020-04-26 02:27:39,676 INFO o.a.j.t.JMeterThread: Thread started: Thread Group 1-11
2020-04-26 02:27:39,724 INFO o.a.j.t.JMeterThread: Thread started: Thread Group 1-12
2020-04-26 02:27:39,786 INFO o.a.j.t.JMeterThread: Thread started: Thread Group 1-13
2020-04-26 02:27:39,844 INFO o.a.j.t.JMeterThread: Thread started: Thread Group 1-14
2020-04-26 02:27:39,905 INFO o.a.j.t.JMeterThread: Thread started: Thread Group 1-15
2020-04-26 02:28:56,569 INFO o.a.j.t.JMeterThread: Thread is done: Thread Group 1-3
2020-04-26 02:28:56,570 INFO o.a.j.t.JMeterThread: Thread finished: Thread Group 1-3
2020-04-26 02:28:56,852 INFO o.a.j.t.JMeterThread: Thread is done: Thread Group 1-10
2020-04-26 02:28:56,852 INFO o.a.j.t.JMeterThread: Thread finished: Thread Group 1-10
2020-04-26 02:29:08,062 INFO o.a.j.t.JMeterThread: Thread is done: Thread Group 1-6
2020-04-26 02:29:08,063 INFO o.a.j.t.JMeterThread: Thread finished: Thread Group 1-6
2020-04-26 02:29:08,129 INFO o.a.j.t.JMeterThread: Thread is done: Thread Group 1-4
2020-04-26 02:29:08,129 INFO o.a.j.t.JMeterThread: Thread finished: Thread Group 1-4
2020-04-26 02:29:13,670 INFO o.a.j.t.JMeterThread: Thread is done: Thread Group 1-15
2020-04-26 02:29:13,670 INFO o.a.j.t.JMeterThread: Thread finished: Thread Group 1-15
2020-04-26 02:29:15,710 INFO o.a.j.t.JMeterThread: Thread is done: Thread Group 1-1
2020-04-26 02:29:15,710 INFO o.a.j.t.JMeterThread: Thread finished: Thread Group 1-1
2020-04-26 02:29:18,660 INFO o.a.j.t.JMeterThread: Thread is done: Thread Group 1-2
2020-04-26 02:29:18,660 INFO o.a.j.t.JMeterThread: Thread finished: Thread Group 1-2
2020-04-26 02:29:20,846 INFO o.a.j.t.JMeterThread: Thread is done: Thread Group 1-5
2020-04-26 02:29:20,846 INFO o.a.j.t.JMeterThread: Thread finished: Thread Group 1-5
2020-04-26 02:29:21,971 INFO o.a.j.t.JMeterThread: Thread is done: Thread Group 1-9
2020-04-26 02:29:21,971 INFO o.a.j.t.JMeterThread: Thread finished: Thread Group 1-9
2020-04-26 02:29:22,640 INFO o.a.j.t.JMeterThread: Thread is done: Thread Group 1-13
2020-04-26 02:29:22,640 INFO o.a.j.t.JMeterThread: Thread finished: Thread Group 1-13
2020-04-26 02:29:23,271 INFO o.a.j.t.JMeterThread: Thread is done: Thread Group 1-8
2020-04-26 02:29:23,271 INFO o.a.j.t.JMeterThread: Thread finished: Thread Group 1-8
2020-04-26 02:29:24,260 INFO o.a.j.t.JMeterThread: Thread is done: Thread Group 1-14
2020-04-26 02:29:24,260 INFO o.a.j.t.JMeterThread: Thread finished: Thread Group 1-14
2020-04-26 02:29:24,538 INFO o.a.j.t.JMeterThread: Thread is done: Thread Group 1-7
2020-04-26 02:29:24,539 INFO o.a.j.t.JMeterThread: Thread finished: Thread Group 1-7
2020-04-26 02:29:24,817 INFO o.a.j.t.JMeterThread: Thread is done: Thread Group 1-12
2020-04-26 02:29:24,818 INFO o.a.j.t.JMeterThread: Thread finished: Thread Group 1-12
2020-04-26 02:29:25,193 INFO o.a.j.t.JMeterThread: Thread is done: Thread Group 1-11
2020-04-26 02:29:25,193 INFO o.a.j.t.JMeterThread: Thread finished: Thread Group 1-11
2020-04-26 02:29:25,374 INFO o.a.j.e.StandardJMeterEngine: Notifying test listeners of end of test
2020-04-26 02:29:25,375 INFO o.a.j.g.u.JMeterMenuBar: setRunning(false, *local*)
2020-04-26 02:33:05,613 INFO o.a.j.e.StandardJMeterEngine: Running the test!
2020-04-26 02:33:05,614 INFO o.a.j.s.SampleEvent: List of sample_variables: []
2020-04-26 02:33:05,625 INFO o.a.j.g.u.JMeterMenuBar: setRunning(true, *local*)
2020-04-26 02:33:05,727 INFO o.a.j.e.StandardJMeterEngine: Starting ThreadGroup: 1 : Thread Group
2020-04-26 02:33:05,727 INFO o.a.j.e.StandardJMeterEngine: Starting 25 threads for group Thread Group.
2020-04-26 02:33:05,727 INFO o.a.j.e.StandardJMeterEngine: Thread will continue on error
2020-04-26 02:33:05,727 INFO o.a.j.t.ThreadGroup: Starting thread group... number=1 threads=25 ramp-up=1 delayedStart=false
2020-04-26 02:33:05,739 INFO o.a.j.t.JMeterThread: Thread started: Thread Group 1-1
2020-04-26 02:33:05,784 INFO o.a.j.t.JMeterThread: Thread started: Thread Group 1-2
2020-04-26 02:33:05,792 INFO o.a.j.t.ThreadGroup: Started thread group number 1
2020-04-26 02:33:05,792 INFO o.a.j.e.StandardJMeterEngine: All thread groups have been started
2020-04-26 02:33:05,826 INFO o.a.j.t.JMeterThread: Thread started: Thread Group 1-3
2020-04-26 02:33:05,855 INFO o.a.j.t.JMeterThread: Thread started: Thread Group 1-4
2020-04-26 02:33:05,901 INFO o.a.j.t.JMeterThread: Thread started: Thread Group 1-5
2020-04-26 02:33:05,938 INFO o.a.j.t.JMeterThread: Thread started: Thread Group 1-6
2020-04-26 02:33:05,974 INFO o.a.j.t.JMeterThread: Thread started: Thread Group 1-7
2020-04-26 02:33:06,011 INFO o.a.j.t.JMeterThread: Thread started: Thread Group 1-8
2020-04-26 02:33:06,054 INFO o.a.j.t.JMeterThread: Thread started: Thread Group 1-9
2020-04-26 02:33:06,094 INFO o.a.j.t.JMeterThread: Thread started: Thread Group 1-10
2020-04-26 02:33:06,134 INFO o.a.j.t.JMeterThread: Thread started: Thread Group 1-11
2020-04-26 02:33:06,172 INFO o.a.j.t.JMeterThread: Thread started: Thread Group 1-12
2020-04-26 02:33:06,211 INFO o.a.j.t.JMeterThread: Thread started: Thread Group 1-13
2020-04-26 02:33:06,255 INFO o.a.j.t.JMeterThread: Thread started: Thread Group 1-14
2020-04-26 02:33:06,293 INFO o.a.j.t.JMeterThread: Thread started: Thread Group 1-15
2020-04-26 02:33:06,338 INFO o.a.j.t.JMeterThread: Thread started: Thread Group 1-16
2020-04-26 02:33:06,369 INFO o.a.j.t.JMeterThread: Thread started: Thread Group 1-17
2020-04-26 02:33:06,412 INFO o.a.j.t.JMeterThread: Thread started: Thread Group 1-18
2020-04-26 02:33:06,454 INFO o.a.j.t.JMeterThread: Thread started: Thread Group 1-19
2020-04-26 02:33:06,490 INFO o.a.j.t.JMeterThread: Thread started: Thread Group 1-20
2020-04-26 02:33:06,550 INFO o.a.j.t.JMeterThread: Thread started: Thread Group 1-21
2020-04-26 02:33:06,573 INFO o.a.j.t.JMeterThread: Thread started: Thread Group 1-22
2020-04-26 02:33:06,613 INFO o.a.j.t.JMeterThread: Thread started: Thread Group 1-23
2020-04-26 02:33:06,654 INFO o.a.j.t.JMeterThread: Thread started: Thread Group 1-24
2020-04-26 02:33:06,692 INFO o.a.j.t.JMeterThread: Thread started: Thread Group 1-25
2020-04-26 02:38:25,146 ERROR c.g.j.p.w.s.WebDriverSampler: timeout: Timed out receiving message from renderer: -0.001
  (Session info: chrome=81.0.4044.122)
Build info: version: '3.14.0', revision: 'aacccce0', time: '2018-08-02T20:19:58.91Z'
System info: host: 'Vineeths-MBP.home', ip: 'fe80:0:0:0:186e:35db:35f3:5f1d%en0', os.name: 'Mac OS X', os.arch: 'x86_64', os.version: '10.15.2', java.version: '14.0.1'
Driver info: org.openqa.selenium.chrome.ChromeDriver
Capabilities {acceptInsecureCerts: false, browserName: chrome, browserVersion: 81.0.4044.122, chrome: {chromedriverVersion: 81.0.4044.69 (6813546031a4b..., userDataDir: /var/folders/tq/pg7kpj5d17s...}, goog:chromeOptions: {debuggerAddress: localhost:65456}, javascriptEnabled: true, networkConnectionEnabled: false, pageLoadStrategy: normal, platform: MAC, platformName: MAC, proxy: Proxy(system), setWindowRect: true, strictFileInteractability: false, timeouts: {implicit: 0, pageLoad: 300000, script: 30000}, unhandledPromptBehavior: dismiss and notify, webauthn:virtualAuthenticators: true}
Session ID: 5ee1bb46e3c85967610a251669e68971
2020-04-26 02:38:25,148 INFO o.a.j.t.JMeterThread: Thread is done: Thread Group 1-18
2020-04-26 02:38:25,149 INFO o.a.j.t.JMeterThread: Thread finished: Thread Group 1-18
2020-04-26 02:38:25,284 ERROR c.g.j.p.w.s.WebDriverSampler: timeout: Timed out receiving message from renderer: -0.001
  (Session info: chrome=81.0.4044.122)
Build info: version: '3.14.0', revision: 'aacccce0', time: '2018-08-02T20:19:58.91Z'
System info: host: 'Vineeths-MBP.home', ip: 'fe80:0:0:0:186e:35db:35f3:5f1d%en0', os.name: 'Mac OS X', os.arch: 'x86_64', os.version: '10.15.2', java.version: '14.0.1'
Driver info: org.openqa.selenium.chrome.ChromeDriver
Capabilities {acceptInsecureCerts: false, browserName: chrome, browserVersion: 81.0.4044.122, chrome: {chromedriverVersion: 81.0.4044.69 (6813546031a4b..., userDataDir: /var/folders/tq/pg7kpj5d17s...}, goog:chromeOptions: {debuggerAddress: localhost:65446}, javascriptEnabled: true, networkConnectionEnabled: false, pageLoadStrategy: normal, platform: MAC, platformName: MAC, proxy: Proxy(system), setWindowRect: true, strictFileInteractability: false, timeouts: {implicit: 0, pageLoad: 300000, script: 30000}, unhandledPromptBehavior: dismiss and notify, webauthn:virtualAuthenticators: true}
Session ID: bd2045bb7b7b830a3cb9a3711c2edd13
2020-04-26 02:38:25,286 INFO o.a.j.t.JMeterThread: Thread is done: Thread Group 1-9
2020-04-26 02:38:25,286 INFO o.a.j.t.JMeterThread: Thread finished: Thread Group 1-9
2020-04-26 02:38:25,414 ERROR c.g.j.p.w.s.WebDriverSampler: timeout: Timed out receiving message from renderer: -0.001
  (Session info: chrome=81.0.4044.122)
Build info: version: '3.14.0', revision: 'aacccce0', time: '2018-08-02T20:19:58.91Z'
System info: host: 'Vineeths-MBP.home', ip: 'fe80:0:0:0:186e:35db:35f3:5f1d%en0', os.name: 'Mac OS X', os.arch: 'x86_64', os.version: '10.15.2', java.version: '14.0.1'
Driver info: org.openqa.selenium.chrome.ChromeDriver
Capabilities {acceptInsecureCerts: false, browserName: chrome, browserVersion: 81.0.4044.122, chrome: {chromedriverVersion: 81.0.4044.69 (6813546031a4b..., userDataDir: /var/folders/tq/pg7kpj5d17s...}, goog:chromeOptions: {debuggerAddress: localhost:65436}, javascriptEnabled: true, networkConnectionEnabled: false, pageLoadStrategy: normal, platform: MAC, platformName: MAC, proxy: Proxy(system), setWindowRect: true, strictFileInteractability: false, timeouts: {implicit: 0, pageLoad: 300000, script: 30000}, unhandledPromptBehavior: dismiss and notify, webauthn:virtualAuthenticators: true}
Session ID: cbd5c9a7bc972978c91ee2989a9c2c84
2020-04-26 02:38:25,415 INFO o.a.j.t.JMeterThread: Thread is done: Thread Group 1-7
2020-04-26 02:38:25,415 INFO o.a.j.t.JMeterThread: Thread finished: Thread Group 1-7
2020-04-26 02:38:25,513 ERROR c.g.j.p.w.s.WebDriverSampler: timeout: Timed out receiving message from renderer: -0.001
  (Session info: chrome=81.0.4044.122)
Build info: version: '3.14.0', revision: 'aacccce0', time: '2018-08-02T20:19:58.91Z'
System info: host: 'Vineeths-MBP.home', ip: 'fe80:0:0:0:186e:35db:35f3:5f1d%en0', os.name: 'Mac OS X', os.arch: 'x86_64', os.version: '10.15.2', java.version: '14.0.1'
Driver info: org.openqa.selenium.chrome.ChromeDriver
Capabilities {acceptInsecureCerts: false, browserName: chrome, browserVersion: 81.0.4044.122, chrome: {chromedriverVersion: 81.0.4044.69 (6813546031a4b..., userDataDir: /var/folders/tq/pg7kpj5d17s...}, goog:chromeOptions: {debuggerAddress: localhost:65474}, javascriptEnabled: true, networkConnectionEnabled: false, pageLoadStrategy: normal, platform: MAC, platformName: MAC, proxy: Proxy(system), setWindowRect: true, strictFileInteractability: false, timeouts: {implicit: 0, pageLoad: 300000, script: 30000}, unhandledPromptBehavior: dismiss and notify, webauthn:virtualAuthenticators: true}
Session ID: e3fe5116eea534b2011bc87365011873
2020-04-26 02:38:25,514 INFO o.a.j.t.JMeterThread: Thread is done: Thread Group 1-4
2020-04-26 02:38:25,514 INFO o.a.j.t.JMeterThread: Thread finished: Thread Group 1-4
2020-04-26 02:38:25,575 ERROR c.g.j.p.w.s.WebDriverSampler: timeout: Timed out receiving message from renderer: -0.001
  (Session info: chrome=81.0.4044.122)
Build info: version: '3.14.0', revision: 'aacccce0', time: '2018-08-02T20:19:58.91Z'
System info: host: 'Vineeths-MBP.home', ip: 'fe80:0:0:0:186e:35db:35f3:5f1d%en0', os.name: 'Mac OS X', os.arch: 'x86_64', os.version: '10.15.2', java.version: '14.0.1'
Driver info: org.openqa.selenium.chrome.ChromeDriver
Capabilities {acceptInsecureCerts: false, browserName: chrome, browserVersion: 81.0.4044.122, chrome: {chromedriverVersion: 81.0.4044.69 (6813546031a4b..., userDataDir: /var/folders/tq/pg7kpj5d17s...}, goog:chromeOptions: {debuggerAddress: localhost:65473}, javascriptEnabled: true, networkConnectionEnabled: false, pageLoadStrategy: normal, platform: MAC, platformName: MAC, proxy: Proxy(system), setWindowRect: true, strictFileInteractability: false, timeouts: {implicit: 0, pageLoad: 300000, script: 30000}, unhandledPromptBehavior: dismiss and notify, webauthn:virtualAuthenticators: true}
Session ID: 4c8a65ebe5a5d6fd99fe5896f3083000
2020-04-26 02:38:25,576 INFO o.a.j.t.JMeterThread: Thread is done: Thread Group 1-15
2020-04-26 02:38:25,576 INFO o.a.j.t.JMeterThread: Thread finished: Thread Group 1-15
2020-04-26 02:38:26,567 ERROR c.g.j.p.w.s.WebDriverSampler: timeout: Timed out receiving message from renderer: -0.001
  (Session info: chrome=81.0.4044.122)
Build info: version: '3.14.0', revision: 'aacccce0', time: '2018-08-02T20:19:58.91Z'
System info: host: 'Vineeths-MBP.home', ip: 'fe80:0:0:0:186e:35db:35f3:5f1d%en0', os.name: 'Mac OS X', os.arch: 'x86_64', os.version: '10.15.2', java.version: '14.0.1'
Driver info: org.openqa.selenium.chrome.ChromeDriver
Capabilities {acceptInsecureCerts: false, browserName: chrome, browserVersion: 81.0.4044.122, chrome: {chromedriverVersion: 81.0.4044.69 (6813546031a4b..., userDataDir: /var/folders/tq/pg7kpj5d17s...}, goog:chromeOptions: {debuggerAddress: localhost:65463}, javascriptEnabled: true, networkConnectionEnabled: false, pageLoadStrategy: normal, platform: MAC, platformName: MAC, proxy: Proxy(system), setWindowRect: true, strictFileInteractability: false, timeouts: {implicit: 0, pageLoad: 300000, script: 30000}, unhandledPromptBehavior: dismiss and notify, webauthn:virtualAuthenticators: true}
Session ID: 31a53a170dfb0af84a2eb5b6d5815299
2020-04-26 02:38:26,568 INFO o.a.j.t.JMeterThread: Thread is done: Thread Group 1-1
2020-04-26 02:38:26,568 INFO o.a.j.t.JMeterThread: Thread finished: Thread Group 1-1
2020-04-26 02:38:27,096 ERROR c.g.j.p.w.s.WebDriverSampler: timeout: Timed out receiving message from renderer: -0.017
  (Session info: chrome=81.0.4044.122)
Build info: version: '3.14.0', revision: 'aacccce0', time: '2018-08-02T20:19:58.91Z'
System info: host: 'Vineeths-MBP.home', ip: 'fe80:0:0:0:186e:35db:35f3:5f1d%en0', os.name: 'Mac OS X', os.arch: 'x86_64', os.version: '10.15.2', java.version: '14.0.1'
Driver info: org.openqa.selenium.chrome.ChromeDriver
Capabilities {acceptInsecureCerts: false, browserName: chrome, browserVersion: 81.0.4044.122, chrome: {chromedriverVersion: 81.0.4044.69 (6813546031a4b..., userDataDir: /var/folders/tq/pg7kpj5d17s...}, goog:chromeOptions: {debuggerAddress: localhost:65467}, javascriptEnabled: true, networkConnectionEnabled: false, pageLoadStrategy: normal, platform: MAC, platformName: MAC, proxy: Proxy(system), setWindowRect: true, strictFileInteractability: false, timeouts: {implicit: 0, pageLoad: 300000, script: 30000}, unhandledPromptBehavior: dismiss and notify, webauthn:virtualAuthenticators: true}
Session ID: f357a86a44ffa26980380f163d731391
2020-04-26 02:38:27,097 INFO o.a.j.t.JMeterThread: Thread is done: Thread Group 1-23
2020-04-26 02:38:27,097 INFO o.a.j.t.JMeterThread: Thread finished: Thread Group 1-23
2020-04-26 02:38:27,158 ERROR c.g.j.p.w.s.WebDriverSampler: timeout: Timed out receiving message from renderer: -0.000
  (Session info: chrome=81.0.4044.122)
Build info: version: '3.14.0', revision: 'aacccce0', time: '2018-08-02T20:19:58.91Z'
System info: host: 'Vineeths-MBP.home', ip: 'fe80:0:0:0:186e:35db:35f3:5f1d%en0', os.name: 'Mac OS X', os.arch: 'x86_64', os.version: '10.15.2', java.version: '14.0.1'
Driver info: org.openqa.selenium.chrome.ChromeDriver
Capabilities {acceptInsecureCerts: false, browserName: chrome, browserVersion: 81.0.4044.122, chrome: {chromedriverVersion: 81.0.4044.69 (6813546031a4b..., userDataDir: /var/folders/tq/pg7kpj5d17s...}, goog:chromeOptions: {debuggerAddress: localhost:65468}, javascriptEnabled: true, networkConnectionEnabled: false, pageLoadStrategy: normal, platform: MAC, platformName: MAC, proxy: Proxy(system), setWindowRect: true, strictFileInteractability: false, timeouts: {implicit: 0, pageLoad: 300000, script: 30000}, unhandledPromptBehavior: dismiss and notify, webauthn:virtualAuthenticators: true}
Session ID: 25f1f4a521ac83ea69df223954f241a2
2020-04-26 02:38:27,158 INFO o.a.j.t.JMeterThread: Thread is done: Thread Group 1-16
2020-04-26 02:38:27,158 INFO o.a.j.t.JMeterThread: Thread finished: Thread Group 1-16
2020-04-26 02:38:27,440 ERROR c.g.j.p.w.s.WebDriverSampler: timeout: Timed out receiving message from renderer: -0.001
  (Session info: chrome=81.0.4044.122)
Build info: version: '3.14.0', revision: 'aacccce0', time: '2018-08-02T20:19:58.91Z'
System info: host: 'Vineeths-MBP.home', ip: 'fe80:0:0:0:186e:35db:35f3:5f1d%en0', os.name: 'Mac OS X', os.arch: 'x86_64', os.version: '10.15.2', java.version: '14.0.1'
Driver info: org.openqa.selenium.chrome.ChromeDriver
Capabilities {acceptInsecureCerts: false, browserName: chrome, browserVersion: 81.0.4044.122, chrome: {chromedriverVersion: 81.0.4044.69 (6813546031a4b..., userDataDir: /var/folders/tq/pg7kpj5d17s...}, goog:chromeOptions: {debuggerAddress: localhost:65435}, javascriptEnabled: true, networkConnectionEnabled: false, pageLoadStrategy: normal, platform: MAC, platformName: MAC, proxy: Proxy(system), setWindowRect: true, strictFileInteractability: false, timeouts: {implicit: 0, pageLoad: 300000, script: 30000}, unhandledPromptBehavior: dismiss and notify, webauthn:virtualAuthenticators: true}
Session ID: 6233c2e3fcc0ca7ffc40d75fefba0f7b
2020-04-26 02:38:27,440 INFO o.a.j.t.JMeterThread: Thread is done: Thread Group 1-3
2020-04-26 02:38:27,441 INFO o.a.j.t.JMeterThread: Thread finished: Thread Group 1-3
2020-04-26 02:38:27,841 ERROR c.g.j.p.w.s.WebDriverSampler: timeout: Timed out receiving message from renderer: -0.001
  (Session info: chrome=81.0.4044.122)
Build info: version: '3.14.0', revision: 'aacccce0', time: '2018-08-02T20:19:58.91Z'
System info: host: 'Vineeths-MBP.home', ip: 'fe80:0:0:0:186e:35db:35f3:5f1d%en0', os.name: 'Mac OS X', os.arch: 'x86_64', os.version: '10.15.2', java.version: '14.0.1'
Driver info: org.openqa.selenium.chrome.ChromeDriver
Capabilities {acceptInsecureCerts: false, browserName: chrome, browserVersion: 81.0.4044.122, chrome: {chromedriverVersion: 81.0.4044.69 (6813546031a4b..., userDataDir: /var/folders/tq/pg7kpj5d17s...}, goog:chromeOptions: {debuggerAddress: localhost:65437}, javascriptEnabled: true, networkConnectionEnabled: false, pageLoadStrategy: normal, platform: MAC, platformName: MAC, proxy: Proxy(system), setWindowRect: true, strictFileInteractability: false, timeouts: {implicit: 0, pageLoad: 300000, script: 30000}, unhandledPromptBehavior: dismiss and notify, webauthn:virtualAuthenticators: true}
Session ID: dfa5a655c70ee06a661d2864d2e698f2
2020-04-26 02:38:27,842 INFO o.a.j.t.JMeterThread: Thread is done: Thread Group 1-13
2020-04-26 02:38:27,843 INFO o.a.j.t.JMeterThread: Thread finished: Thread Group 1-13
2020-04-26 02:38:27,908 ERROR c.g.j.p.w.s.WebDriverSampler: timeout: Timed out receiving message from renderer: -0.000
  (Session info: chrome=81.0.4044.122)
Build info: version: '3.14.0', revision: 'aacccce0', time: '2018-08-02T20:19:58.91Z'
System info: host: 'Vineeths-MBP.home', ip: 'fe80:0:0:0:186e:35db:35f3:5f1d%en0', os.name: 'Mac OS X', os.arch: 'x86_64', os.version: '10.15.2', java.version: '14.0.1'
Driver info: org.openqa.selenium.chrome.ChromeDriver
Capabilities {acceptInsecureCerts: false, browserName: chrome, browserVersion: 81.0.4044.122, chrome: {chromedriverVersion: 81.0.4044.69 (6813546031a4b..., userDataDir: /var/folders/tq/pg7kpj5d17s...}, goog:chromeOptions: {debuggerAddress: localhost:65497}, javascriptEnabled: true, networkConnectionEnabled: false, pageLoadStrategy: normal, platform: MAC, platformName: MAC, proxy: Proxy(system), setWindowRect: true, strictFileInteractability: false, timeouts: {implicit: 0, pageLoad: 300000, script: 30000}, unhandledPromptBehavior: dismiss and notify, webauthn:virtualAuthenticators: true}
Session ID: f24c249184a8387377b4bd152ea1af03
2020-04-26 02:38:27,911 INFO o.a.j.t.JMeterThread: Thread is done: Thread Group 1-25
2020-04-26 02:38:27,911 INFO o.a.j.t.JMeterThread: Thread finished: Thread Group 1-25
2020-04-26 02:38:28,111 ERROR c.g.j.p.w.s.WebDriverSampler: timeout: Timed out receiving message from renderer: -0.001
  (Session info: chrome=81.0.4044.122)
Build info: version: '3.14.0', revision: 'aacccce0', time: '2018-08-02T20:19:58.91Z'
System info: host: 'Vineeths-MBP.home', ip: 'fe80:0:0:0:186e:35db:35f3:5f1d%en0', os.name: 'Mac OS X', os.arch: 'x86_64', os.version: '10.15.2', java.version: '14.0.1'
Driver info: org.openqa.selenium.chrome.ChromeDriver
Capabilities {acceptInsecureCerts: false, browserName: chrome, browserVersion: 81.0.4044.122, chrome: {chromedriverVersion: 81.0.4044.69 (6813546031a4b..., userDataDir: /var/folders/tq/pg7kpj5d17s...}, goog:chromeOptions: {debuggerAddress: localhost:65453}, javascriptEnabled: true, networkConnectionEnabled: false, pageLoadStrategy: normal, platform: MAC, platformName: MAC, proxy: Proxy(system), setWindowRect: true, strictFileInteractability: false, timeouts: {implicit: 0, pageLoad: 300000, script: 30000}, unhandledPromptBehavior: dismiss and notify, webauthn:virtualAuthenticators: true}
Session ID: 3426ac6874d0f95c55f9b9080e1b9b54
2020-04-26 02:38:28,112 INFO o.a.j.t.JMeterThread: Thread is done: Thread Group 1-14
2020-04-26 02:38:28,112 INFO o.a.j.t.JMeterThread: Thread finished: Thread Group 1-14
2020-04-26 02:38:28,154 ERROR c.g.j.p.w.s.WebDriverSampler: timeout: Timed out receiving message from renderer: -0.001
  (Session info: chrome=81.0.4044.122)
Build info: version: '3.14.0', revision: 'aacccce0', time: '2018-08-02T20:19:58.91Z'
System info: host: 'Vineeths-MBP.home', ip: 'fe80:0:0:0:186e:35db:35f3:5f1d%en0', os.name: 'Mac OS X', os.arch: 'x86_64', os.version: '10.15.2', java.version: '14.0.1'
Driver info: org.openqa.selenium.chrome.ChromeDriver
Capabilities {acceptInsecureCerts: false, browserName: chrome, browserVersion: 81.0.4044.122, chrome: {chromedriverVersion: 81.0.4044.69 (6813546031a4b..., userDataDir: /var/folders/tq/pg7kpj5d17s...}, goog:chromeOptions: {debuggerAddress: localhost:65439}, javascriptEnabled: true, networkConnectionEnabled: false, pageLoadStrategy: normal, platform: MAC, platformName: MAC, proxy: Proxy(system), setWindowRect: true, strictFileInteractability: false, timeouts: {implicit: 0, pageLoad: 300000, script: 30000}, unhandledPromptBehavior: dismiss and notify, webauthn:virtualAuthenticators: true}
Session ID: dc29d15b86248b7c55ba87a09430f48b
2020-04-26 02:38:28,155 INFO o.a.j.t.JMeterThread: Thread is done: Thread Group 1-17
2020-04-26 02:38:28,155 INFO o.a.j.t.JMeterThread: Thread finished: Thread Group 1-17
2020-04-26 02:38:28,182 ERROR c.g.j.p.w.s.WebDriverSampler: timeout: Timed out receiving message from renderer: -0.001
  (Session info: chrome=81.0.4044.122)
Build info: version: '3.14.0', revision: 'aacccce0', time: '2018-08-02T20:19:58.91Z'
System info: host: 'Vineeths-MBP.home', ip: 'fe80:0:0:0:186e:35db:35f3:5f1d%en0', os.name: 'Mac OS X', os.arch: 'x86_64', os.version: '10.15.2', java.version: '14.0.1'
Driver info: org.openqa.selenium.chrome.ChromeDriver
Capabilities {acceptInsecureCerts: false, browserName: chrome, browserVersion: 81.0.4044.122, chrome: {chromedriverVersion: 81.0.4044.69 (6813546031a4b..., userDataDir: /var/folders/tq/pg7kpj5d17s...}, goog:chromeOptions: {debuggerAddress: localhost:65496}, javascriptEnabled: true, networkConnectionEnabled: false, pageLoadStrategy: normal, platform: MAC, platformName: MAC, proxy: Proxy(system), setWindowRect: true, strictFileInteractability: false, timeouts: {implicit: 0, pageLoad: 300000, script: 30000}, unhandledPromptBehavior: dismiss and notify, webauthn:virtualAuthenticators: true}
Session ID: bdd3702056f4a59c5ea5f388e4c28e03
2020-04-26 02:38:28,184 INFO o.a.j.t.JMeterThread: Thread is done: Thread Group 1-19
2020-04-26 02:38:28,184 INFO o.a.j.t.JMeterThread: Thread finished: Thread Group 1-19
2020-04-26 02:38:28,203 ERROR c.g.j.p.w.s.WebDriverSampler: timeout: Timed out receiving message from renderer: -0.001
  (Session info: chrome=81.0.4044.122)
Build info: version: '3.14.0', revision: 'aacccce0', time: '2018-08-02T20:19:58.91Z'
System info: host: 'Vineeths-MBP.home', ip: 'fe80:0:0:0:186e:35db:35f3:5f1d%en0', os.name: 'Mac OS X', os.arch: 'x86_64', os.version: '10.15.2', java.version: '14.0.1'
Driver info: org.openqa.selenium.chrome.ChromeDriver
Capabilities {acceptInsecureCerts: false, browserName: chrome, browserVersion: 81.0.4044.122, chrome: {chromedriverVersion: 81.0.4044.69 (6813546031a4b..., userDataDir: /var/folders/tq/pg7kpj5d17s...}, goog:chromeOptions: {debuggerAddress: localhost:65498}, javascriptEnabled: true, networkConnectionEnabled: false, pageLoadStrategy: normal, platform: MAC, platformName: MAC, proxy: Proxy(system), setWindowRect: true, strictFileInteractability: false, timeouts: {implicit: 0, pageLoad: 300000, script: 30000}, unhandledPromptBehavior: dismiss and notify, webauthn:virtualAuthenticators: true}
Session ID: edc3a6daaa9d5b8ce0dc19fa22b423d0
2020-04-26 02:38:28,205 INFO o.a.j.t.JMeterThread: Thread is done: Thread Group 1-5
2020-04-26 02:38:28,206 INFO o.a.j.t.JMeterThread: Thread finished: Thread Group 1-5
2020-04-26 02:38:28,289 ERROR c.g.j.p.w.s.WebDriverSampler: timeout: Timed out receiving message from renderer: -0.002
  (Session info: chrome=81.0.4044.122)
Build info: version: '3.14.0', revision: 'aacccce0', time: '2018-08-02T20:19:58.91Z'
System info: host: 'Vineeths-MBP.home', ip: 'fe80:0:0:0:186e:35db:35f3:5f1d%en0', os.name: 'Mac OS X', os.arch: 'x86_64', os.version: '10.15.2', java.version: '14.0.1'
Driver info: org.openqa.selenium.chrome.ChromeDriver
Capabilities {acceptInsecureCerts: false, browserName: chrome, browserVersion: 81.0.4044.122, chrome: {chromedriverVersion: 81.0.4044.69 (6813546031a4b..., userDataDir: /var/folders/tq/pg7kpj5d17s...}, goog:chromeOptions: {debuggerAddress: localhost:65438}, javascriptEnabled: true, networkConnectionEnabled: false, pageLoadStrategy: normal, platform: MAC, platformName: MAC, proxy: Proxy(system), setWindowRect: true, strictFileInteractability: false, timeouts: {implicit: 0, pageLoad: 300000, script: 30000}, unhandledPromptBehavior: dismiss and notify, webauthn:virtualAuthenticators: true}
Session ID: 1aa02e9dbac0d225a0a39bfb0506eae1
2020-04-26 02:38:28,291 INFO o.a.j.t.JMeterThread: Thread is done: Thread Group 1-2
2020-04-26 02:38:28,291 INFO o.a.j.t.JMeterThread: Thread finished: Thread Group 1-2
2020-04-26 02:38:29,166 ERROR c.g.j.p.w.s.WebDriverSampler: timeout: Timed out receiving message from renderer: -0.000
  (Session info: chrome=81.0.4044.122)
Build info: version: '3.14.0', revision: 'aacccce0', time: '2018-08-02T20:19:58.91Z'
System info: host: 'Vineeths-MBP.home', ip: 'fe80:0:0:0:186e:35db:35f3:5f1d%en0', os.name: 'Mac OS X', os.arch: 'x86_64', os.version: '10.15.2', java.version: '14.0.1'
Driver info: org.openqa.selenium.chrome.ChromeDriver
Capabilities {acceptInsecureCerts: false, browserName: chrome, browserVersion: 81.0.4044.122, chrome: {chromedriverVersion: 81.0.4044.69 (6813546031a4b..., userDataDir: /var/folders/tq/pg7kpj5d17s...}, goog:chromeOptions: {debuggerAddress: localhost:65464}, javascriptEnabled: true, networkConnectionEnabled: false, pageLoadStrategy: normal, platform: MAC, platformName: MAC, proxy: Proxy(system), setWindowRect: true, strictFileInteractability: false, timeouts: {implicit: 0, pageLoad: 300000, script: 30000}, unhandledPromptBehavior: dismiss and notify, webauthn:virtualAuthenticators: true}
Session ID: b3de9494a8833d29227d988dc1775147
2020-04-26 02:38:29,167 INFO o.a.j.t.JMeterThread: Thread is done: Thread Group 1-24
2020-04-26 02:38:29,167 INFO o.a.j.t.JMeterThread: Thread finished: Thread Group 1-24
2020-04-26 02:38:29,189 ERROR c.g.j.p.w.s.WebDriverSampler: timeout: Timed out receiving message from renderer: -0.000
  (Session info: chrome=81.0.4044.122)
Build info: version: '3.14.0', revision: 'aacccce0', time: '2018-08-02T20:19:58.91Z'
System info: host: 'Vineeths-MBP.home', ip: 'fe80:0:0:0:186e:35db:35f3:5f1d%en0', os.name: 'Mac OS X', os.arch: 'x86_64', os.version: '10.15.2', java.version: '14.0.1'
Driver info: org.openqa.selenium.chrome.ChromeDriver
Capabilities {acceptInsecureCerts: false, browserName: chrome, browserVersion: 81.0.4044.122, chrome: {chromedriverVersion: 81.0.4044.69 (6813546031a4b..., userDataDir: /var/folders/tq/pg7kpj5d17s...}, goog:chromeOptions: {debuggerAddress: localhost:65472}, javascriptEnabled: true, networkConnectionEnabled: false, pageLoadStrategy: normal, platform: MAC, platformName: MAC, proxy: Proxy(system), setWindowRect: true, strictFileInteractability: false, timeouts: {implicit: 0, pageLoad: 300000, script: 30000}, unhandledPromptBehavior: dismiss and notify, webauthn:virtualAuthenticators: true}
Session ID: 3480198c29efe8099c7d86733ba2f0fd
2020-04-26 02:38:29,190 INFO o.a.j.t.JMeterThread: Thread is done: Thread Group 1-6
2020-04-26 02:38:29,190 INFO o.a.j.t.JMeterThread: Thread finished: Thread Group 1-6
2020-04-26 02:38:29,364 ERROR c.g.j.p.w.s.WebDriverSampler: timeout: Timed out receiving message from renderer: -0.001
  (Session info: chrome=81.0.4044.122)
Build info: version: '3.14.0', revision: 'aacccce0', time: '2018-08-02T20:19:58.91Z'
System info: host: 'Vineeths-MBP.home', ip: 'fe80:0:0:0:186e:35db:35f3:5f1d%en0', os.name: 'Mac OS X', os.arch: 'x86_64', os.version: '10.15.2', java.version: '14.0.1'
Driver info: org.openqa.selenium.chrome.ChromeDriver
Capabilities {acceptInsecureCerts: false, browserName: chrome, browserVersion: 81.0.4044.122, chrome: {chromedriverVersion: 81.0.4044.69 (6813546031a4b..., userDataDir: /var/folders/tq/pg7kpj5d17s...}, goog:chromeOptions: {debuggerAddress: localhost:65507}, javascriptEnabled: true, networkConnectionEnabled: false, pageLoadStrategy: normal, platform: MAC, platformName: MAC, proxy: Proxy(system), setWindowRect: true, strictFileInteractability: false, timeouts: {implicit: 0, pageLoad: 300000, script: 30000}, unhandledPromptBehavior: dismiss and notify, webauthn:virtualAuthenticators: true}
Session ID: fa3021b7a2813a004e0d6f14c37b3587
2020-04-26 02:38:29,365 INFO o.a.j.t.JMeterThread: Thread is done: Thread Group 1-12
2020-04-26 02:38:29,365 INFO o.a.j.t.JMeterThread: Thread finished: Thread Group 1-12
2020-04-26 02:38:29,668 ERROR c.g.j.p.w.s.WebDriverSampler: timeout: Timed out receiving message from renderer: -0.000
  (Session info: chrome=81.0.4044.122)
Build info: version: '3.14.0', revision: 'aacccce0', time: '2018-08-02T20:19:58.91Z'
System info: host: 'Vineeths-MBP.home', ip: 'fe80:0:0:0:186e:35db:35f3:5f1d%en0', os.name: 'Mac OS X', os.arch: 'x86_64', os.version: '10.15.2', java.version: '14.0.1'
Driver info: org.openqa.selenium.chrome.ChromeDriver
Capabilities {acceptInsecureCerts: false, browserName: chrome, browserVersion: 81.0.4044.122, chrome: {chromedriverVersion: 81.0.4044.69 (6813546031a4b..., userDataDir: /var/folders/tq/pg7kpj5d17s...}, goog:chromeOptions: {debuggerAddress: localhost:65462}, javascriptEnabled: true, networkConnectionEnabled: false, pageLoadStrategy: normal, platform: MAC, platformName: MAC, proxy: Proxy(system), setWindowRect: true, strictFileInteractability: false, timeouts: {implicit: 0, pageLoad: 300000, script: 30000}, unhandledPromptBehavior: dismiss and notify, webauthn:virtualAuthenticators: true}
Session ID: 8ef809997af17533b67932e5a4ea3193
2020-04-26 02:38:29,672 ERROR c.g.j.p.w.s.WebDriverSampler: timeout: Timed out receiving message from renderer: -0.001
  (Session info: chrome=81.0.4044.122)
Build info: version: '3.14.0', revision: 'aacccce0', time: '2018-08-02T20:19:58.91Z'
System info: host: 'Vineeths-MBP.home', ip: 'fe80:0:0:0:186e:35db:35f3:5f1d%en0', os.name: 'Mac OS X', os.arch: 'x86_64', os.version: '10.15.2', java.version: '14.0.1'
Driver info: org.openqa.selenium.chrome.ChromeDriver
Capabilities {acceptInsecureCerts: false, browserName: chrome, browserVersion: 81.0.4044.122, chrome: {chromedriverVersion: 81.0.4044.69 (6813546031a4b..., userDataDir: /var/folders/tq/pg7kpj5d17s...}, goog:chromeOptions: {debuggerAddress: localhost:65457}, javascriptEnabled: true, networkConnectionEnabled: false, pageLoadStrategy: normal, platform: MAC, platformName: MAC, proxy: Proxy(system), setWindowRect: true, strictFileInteractability: false, timeouts: {implicit: 0, pageLoad: 300000, script: 30000}, unhandledPromptBehavior: dismiss and notify, webauthn:virtualAuthenticators: true}
Session ID: c1852e82cd5a5ec967ee0421933dc518
2020-04-26 02:38:29,678 INFO o.a.j.t.JMeterThread: Thread is done: Thread Group 1-10
2020-04-26 02:38:29,679 INFO o.a.j.t.JMeterThread: Thread finished: Thread Group 1-10
2020-04-26 02:38:29,678 INFO o.a.j.t.JMeterThread: Thread is done: Thread Group 1-8
2020-04-26 02:38:29,679 INFO o.a.j.t.JMeterThread: Thread finished: Thread Group 1-8
2020-04-26 02:38:30,072 ERROR c.g.j.p.w.s.WebDriverSampler: timeout: Timed out receiving message from renderer: -0.000
  (Session info: chrome=81.0.4044.122)
Build info: version: '3.14.0', revision: 'aacccce0', time: '2018-08-02T20:19:58.91Z'
System info: host: 'Vineeths-MBP.home', ip: 'fe80:0:0:0:186e:35db:35f3:5f1d%en0', os.name: 'Mac OS X', os.arch: 'x86_64', os.version: '10.15.2', java.version: '14.0.1'
Driver info: org.openqa.selenium.chrome.ChromeDriver
Capabilities {acceptInsecureCerts: false, browserName: chrome, browserVersion: 81.0.4044.122, chrome: {chromedriverVersion: 81.0.4044.69 (6813546031a4b..., userDataDir: /var/folders/tq/pg7kpj5d17s...}, goog:chromeOptions: {debuggerAddress: localhost:65469}, javascriptEnabled: true, networkConnectionEnabled: false, pageLoadStrategy: normal, platform: MAC, platformName: MAC, proxy: Proxy(system), setWindowRect: true, strictFileInteractability: false, timeouts: {implicit: 0, pageLoad: 300000, script: 30000}, unhandledPromptBehavior: dismiss and notify, webauthn:virtualAuthenticators: true}
Session ID: b7887b5b93c707a3dc8fd606fab0574a
2020-04-26 02:38:30,073 INFO o.a.j.t.JMeterThread: Thread is done: Thread Group 1-22
2020-04-26 02:38:30,073 INFO o.a.j.t.JMeterThread: Thread finished: Thread Group 1-22
2020-04-26 02:38:30,073 ERROR c.g.j.p.w.s.WebDriverSampler: timeout: Timed out receiving message from renderer: -0.001
  (Session info: chrome=81.0.4044.122)
Build info: version: '3.14.0', revision: 'aacccce0', time: '2018-08-02T20:19:58.91Z'
System info: host: 'Vineeths-MBP.home', ip: 'fe80:0:0:0:186e:35db:35f3:5f1d%en0', os.name: 'Mac OS X', os.arch: 'x86_64', os.version: '10.15.2', java.version: '14.0.1'
Driver info: org.openqa.selenium.chrome.ChromeDriver
Capabilities {acceptInsecureCerts: false, browserName: chrome, browserVersion: 81.0.4044.122, chrome: {chromedriverVersion: 81.0.4044.69 (6813546031a4b..., userDataDir: /var/folders/tq/pg7kpj5d17s...}, goog:chromeOptions: {debuggerAddress: localhost:65495}, javascriptEnabled: true, networkConnectionEnabled: false, pageLoadStrategy: normal, platform: MAC, platformName: MAC, proxy: Proxy(system), setWindowRect: true, strictFileInteractability: false, timeouts: {implicit: 0, pageLoad: 300000, script: 30000}, unhandledPromptBehavior: dismiss and notify, webauthn:virtualAuthenticators: true}
Session ID: 8e313230ea9d1890b8242f0d448a0c97
2020-04-26 02:38:30,073 INFO o.a.j.t.JMeterThread: Thread is done: Thread Group 1-20
2020-04-26 02:38:30,074 INFO o.a.j.t.JMeterThread: Thread finished: Thread Group 1-20
2020-04-26 02:38:30,175 ERROR c.g.j.p.w.s.WebDriverSampler: timeout: Timed out receiving message from renderer: -0.001
  (Session info: chrome=81.0.4044.122)
Build info: version: '3.14.0', revision: 'aacccce0', time: '2018-08-02T20:19:58.91Z'
System info: host: 'Vineeths-MBP.home', ip: 'fe80:0:0:0:186e:35db:35f3:5f1d%en0', os.name: 'Mac OS X', os.arch: 'x86_64', os.version: '10.15.2', java.version: '14.0.1'
Driver info: org.openqa.selenium.chrome.ChromeDriver
Capabilities {acceptInsecureCerts: false, browserName: chrome, browserVersion: 81.0.4044.122, chrome: {chromedriverVersion: 81.0.4044.69 (6813546031a4b..., userDataDir: /var/folders/tq/pg7kpj5d17s...}, goog:chromeOptions: {debuggerAddress: localhost:65470}, javascriptEnabled: true, networkConnectionEnabled: false, pageLoadStrategy: normal, platform: MAC, platformName: MAC, proxy: Proxy(system), setWindowRect: true, strictFileInteractability: false, timeouts: {implicit: 0, pageLoad: 300000, script: 30000}, unhandledPromptBehavior: dismiss and notify, webauthn:virtualAuthenticators: true}
Session ID: a2663567aec5fe2518c1e1647ef4278c
2020-04-26 02:38:30,176 INFO o.a.j.t.JMeterThread: Thread is done: Thread Group 1-21
2020-04-26 02:38:30,176 INFO o.a.j.t.JMeterThread: Thread finished: Thread Group 1-21
2020-04-26 02:38:30,398 ERROR c.g.j.p.w.s.WebDriverSampler: timeout: Timed out receiving message from renderer: -0.000
  (Session info: chrome=81.0.4044.122)
Build info: version: '3.14.0', revision: 'aacccce0', time: '2018-08-02T20:19:58.91Z'
System info: host: 'Vineeths-MBP.home', ip: 'fe80:0:0:0:186e:35db:35f3:5f1d%en0', os.name: 'Mac OS X', os.arch: 'x86_64', os.version: '10.15.2', java.version: '14.0.1'
Driver info: org.openqa.selenium.chrome.ChromeDriver
Capabilities {acceptInsecureCerts: false, browserName: chrome, browserVersion: 81.0.4044.122, chrome: {chromedriverVersion: 81.0.4044.69 (6813546031a4b..., userDataDir: /var/folders/tq/pg7kpj5d17s...}, goog:chromeOptions: {debuggerAddress: localhost:65471}, javascriptEnabled: true, networkConnectionEnabled: false, pageLoadStrategy: normal, platform: MAC, platformName: MAC, proxy: Proxy(system), setWindowRect: true, strictFileInteractability: false, timeouts: {implicit: 0, pageLoad: 300000, script: 30000}, unhandledPromptBehavior: dismiss and notify, webauthn:virtualAuthenticators: true}
Session ID: 4cbe5304b36f5024742a08ae826bdb25
2020-04-26 02:38:30,399 INFO o.a.j.t.JMeterThread: Thread is done: Thread Group 1-11
2020-04-26 02:38:30,399 INFO o.a.j.t.JMeterThread: Thread finished: Thread Group 1-11
2020-04-26 02:38:30,542 INFO o.a.j.e.StandardJMeterEngine: Notifying test listeners of end of test
2020-04-26 02:38:30,543 INFO o.a.j.g.u.JMeterMenuBar: setRunning(false, *local*)
